#
# A fatal error has been detected by the Java Runtime Environment:
#
#  SIGSEGV (0xb) at pc=0x00007f0acdb8a894, pid=3571, tid=139685290157824
#
# JRE version: Java(TM) SE Runtime Environment (8.0_91-b14) (build 1.8.0_91-b14)
# Java VM: Java HotSpot(TM) 64-Bit Server VM (25.91-b14 mixed mode linux-amd64 compressed oops)
# Problematic frame:
# C  [libopencv_java310.so+0x8d2894]  icvCvt_BGR2RGB_8u_C3R(unsigned char const*, int, unsigned char*, int, CvSize)+0x54
#
# Failed to write core dump. Core dumps have been disabled. To enable core dumping, try "ulimit -c unlimited" before starting Java again
#
# If you would like to submit a bug report, please visit:
#   http://bugreport.java.com/bugreport/crash.jsp
# The crash happened outside the Java Virtual Machine in native code.
# See problematic frame for where to report the bug.
#

---------------  T H R E A D  ---------------

Current thread (0x00007f0ab4250800):  JavaThread "Thread-0" daemon [_thread_in_native, id=3596, stack(0x00007f0b0409a000,0x00007f0b0419b000)]

siginfo: si_signo: 11 (SIGSEGV), si_code: 1 (SEGV_MAPERR), si_addr: 0x00007f0ac1ff5f22

Registers:
RAX=0x00007f0ac1ff5f23, RBX=0xfffffffffffff100, RCX=0x00000000000000cb, RDX=0x00007f0ac1ff5f20
RSP=0x00007f0b04199050, RBP=0xfffffffffffff100, RSI=0x00000000000000c7, RDI=0x00007f0ab802f833
R8 =0x00000000000000c2, R9 =0x00007f0ab8030730, R10=0x0000000000000000, R11=0x0000000000000f00
R12=0x0000000000000500, R13=0x0000000000000f00, R14=0x00007f0b04199301, R15=0x0000000100000000
RIP=0x00007f0acdb8a894, EFLAGS=0x0000000000010202, CSGSFS=0x0000000000000033, ERR=0x0000000000000006
  TRAPNO=0x000000000000000e

Top of Stack: (sp=0x00007f0b04199050)
0x00007f0b04199050:   00007f0ac1ff5f20 00007f0ab80283f0
0x00007f0b04199060:   00007f0ab8019bd0 00007f0acdb971e3
0x00007f0b04199070:   00007f0a00000000 00007f0ab8023780
0x00007f0b04199080:   00007f0ab8019bd0 00007f0b041993e0
0x00007f0b04199090:   0000000000000f00 0000050042ff4010
0x00007f0b041990a0:   00007f0b04199140 00007f0ab8023780
0x00007f0b041990b0:   00007f0ab8019bd0 00000000000002d0
0x00007f0b041990c0:   0000000000000500 0000000000000002
0x00007f0b041990d0:   00007f0b04199170 00007f0b041993e0
0x00007f0b041990e0:   00007f0b04199130 00007f0acdb8362a
0x00007f0b041990f0:   0000000100000002 0000000000000000
0x00007f0b04199100:   0000000000000000 00007f0b2ce5fca5
0x00007f0b04199110:   0000000000000000 0000000000000016
0x00007f0b04199120:   00007f0b041991b0 00007f0b041995d0
0x00007f0b04199130:   0000000000000000 0000000000000000
0x00007f0b04199140:   00007f0ab8023360 00007f0ab8023780
0x00007f0b04199150:   00000000e1aae9b8 00007f0ab4250800
0x00007f0b04199160:   0000000000000000 0000000000000000
0x00007f0b04199170:   0000000042ff0000 0000000000000000
0x00007f0b04199180:   0000000000000000 0000000000000000
0x00007f0b04199190:   0000000000000000 0000000000000000
0x00007f0b041991a0:   0000000000000000 0000000000000000
0x00007f0b041991b0:   00007f0b04199178 00007f0b041991c0
0x00007f0b041991c0:   0000000000000000 0000000000000000
0x00007f0b041991d0:   00000000e1aaeb48 00000000a49c2af8
0x00007f0b041991e0:   4044800000000000 403e000000000000
0x00007f0b041991f0:   4080e00000000000 407cf00000000000
0x00007f0b04199200:   00000000a4946c20 00007f0b041992d0
0x00007f0b04199210:   00007f0b04199898 00007f0b152f1abc
0x00007f0b04199220:   00000000a496c948 00007f0b000000c8
0x00007f0b04199230:   00007f0a00000000 00007f0a00000500
0x00007f0b04199240:   00007f0a000002d0 00000000000003d8 

Instructions: (pc=0x00007f0acdb8a894)
0x00007f0acdb8a874:   49 4e 8d 0c 1f 48 89 d0 0f 1f 40 00 44 0f b6 07
0x00007f0acdb8a884:   0f b6 77 01 48 83 c7 03 0f b6 4f ff 48 83 c0 03
0x00007f0acdb8a894:   44 88 40 ff 40 88 70 fe 88 48 fd 4c 39 cf 75 dc
0x00007f0acdb8a8a4:   4c 01 da 41 83 ea 01 48 01 da 49 8d 3c 29 41 83 

Register to memory mapping:

RAX=0x00007f0ac1ff5f23 is an unknown value
RBX=0xfffffffffffff100 is an unknown value
RCX=0x00000000000000cb is an unknown value
RDX=0x00007f0ac1ff5f20 is an unknown value
RSP=0x00007f0b04199050 is pointing into the stack for thread: 0x00007f0ab4250800
RBP=0xfffffffffffff100 is an unknown value
RSI=0x00000000000000c7 is an unknown value
RDI=0x00007f0ab802f833 is an unknown value
R8 =0x00000000000000c2 is an unknown value
R9 =0x00007f0ab8030730 is an unknown value
R10=0x0000000000000000 is an unknown value
R11=0x0000000000000f00 is an unknown value
R12=0x0000000000000500 is an unknown value
R13=0x0000000000000f00 is an unknown value
R14=0x00007f0b04199301 is pointing into the stack for thread: 0x00007f0ab4250800
R15=0x0000000100000000 is pointing into metadata


Stack: [0x00007f0b0409a000,0x00007f0b0419b000],  sp=0x00007f0b04199050,  free space=1020k
Native frames: (J=compiled Java code, j=interpreted, Vv=VM code, C=native code)
C  [libopencv_java310.so+0x8d2894]  icvCvt_BGR2RGB_8u_C3R(unsigned char const*, int, unsigned char*, int, CvSize)+0x54

Java frames: (J=compiled Java code, j=interpreted, Vv=VM code)
J 960  org.opencv.videoio.VideoCapture.retrieve_1(JJ)Z (0 bytes) @ 0x00007f0b15323444 [0x00007f0b15323400+0x44]
J 959 C1 org.opencv.videoio.VideoCapture.retrieve(Lorg/opencv/core/Mat;)Z (14 bytes) @ 0x00007f0b15323804 [0x00007f0b15323780+0x84]
j  RecorderInterace$DaemonThread.run()V+38
j  java.lang.Thread.run()V+11
v  ~StubRoutines::call_stub

---------------  P R O C E S S  ---------------

Java Threads: ( => current thread )
=>0x00007f0ab4250800 JavaThread "Thread-0" daemon [_thread_in_native, id=3596, stack(0x00007f0b0409a000,0x00007f0b0419b000)]
  0x00007f0b24009800 JavaThread "DestroyJavaVM" [_thread_blocked, id=3573, stack(0x00007f0b2d7e1000,0x00007f0b2d8e2000)]
  0x00007f0b242c7000 JavaThread "AWT-EventQueue-0" [_thread_blocked, id=3595, stack(0x00007f0b0690c000,0x00007f0b06a0d000)]
  0x00007f0b242c5800 JavaThread "AWT-Shutdown" [_thread_blocked, id=3594, stack(0x00007f0b06a0d000,0x00007f0b06b0e000)]
  0x00007f0b2422a800 JavaThread "AWT-XAWT" daemon [_thread_in_native, id=3591, stack(0x00007f0b06f36000,0x00007f0b07037000)]
  0x00007f0b2420e000 JavaThread "Java2D Disposer" daemon [_thread_blocked, id=3590, stack(0x00007f0b07447000,0x00007f0b07548000)]
  0x00007f0b240c9000 JavaThread "Service Thread" daemon [_thread_blocked, id=3588, stack(0x00007f0b14014000,0x00007f0b14115000)]
  0x00007f0b240bd800 JavaThread "C1 CompilerThread2" daemon [_thread_in_native, id=3587, stack(0x00007f0b14115000,0x00007f0b14216000)]
  0x00007f0b240bc000 JavaThread "C2 CompilerThread1" daemon [_thread_blocked, id=3586, stack(0x00007f0b14216000,0x00007f0b14317000)]
  0x00007f0b240b9000 JavaThread "C2 CompilerThread0" daemon [_thread_blocked, id=3585, stack(0x00007f0b14317000,0x00007f0b14418000)]
  0x00007f0b240b7800 JavaThread "Signal Dispatcher" daemon [_thread_blocked, id=3584, stack(0x00007f0b14418000,0x00007f0b14519000)]
  0x00007f0b24084000 JavaThread "Finalizer" daemon [_thread_blocked, id=3583, stack(0x00007f0b14bfc000,0x00007f0b14cfd000)]
  0x00007f0b2407f000 JavaThread "Reference Handler" daemon [_thread_blocked, id=3582, stack(0x00007f0b14cfd000,0x00007f0b14dfe000)]

Other Threads:
  0x00007f0b24077800 VMThread [stack: 0x00007f0b14dfe000,0x00007f0b14eff000] [id=3581]
  0x00007f0b240cb800 WatcherThread [stack: 0x00007f0b0d13f000,0x00007f0b0d240000] [id=3589]

VM state:not at safepoint (normal execution)

VM Mutex/Monitor currently owned by a thread: None

Heap:
 PSYoungGen      total 118272K, used 24251K [0x00000000e1800000, 0x00000000ec300000, 0x0000000100000000)
  eden space 115200K, 18% used [0x00000000e1800000,0x00000000e2cebc28,0x00000000e8880000)
  from space 3072K, 92% used [0x00000000ec000000,0x00000000ec2c3048,0x00000000ec300000)
  to   space 5632K, 0% used [0x00000000eb800000,0x00000000eb800000,0x00000000ebd80000)
 ParOldGen       total 62976K, used 5020K [0x00000000a4800000, 0x00000000a8580000, 0x00000000e1800000)
  object space 62976K, 7% used [0x00000000a4800000,0x00000000a4ce7280,0x00000000a8580000)
 Metaspace       used 13283K, capacity 13460K, committed 13696K, reserved 1060864K
  class space    used 1559K, capacity 1634K, committed 1664K, reserved 1048576K

Card table byte_map: [0x00007f0b2a2c4000,0x00007f0b2a5a1000] byte_map_base: 0x00007f0b29da0000

Marking Bits: (ParMarkBitMap*) 0x00007f0b2ccb6d60
 Begin Bits: [0x00007f0b0d240000, 0x00007f0b0e920000)
 End Bits:   [0x00007f0b0e920000, 0x00007f0b10000000)

Polling page: 0x00007f0b2d8ff000

CodeCache: size=245760Kb used=3720Kb max_used=3720Kb free=242039Kb
 bounds [0x00007f0b15000000, 0x00007f0b153b0000, 0x00007f0b24000000]
 total_blobs=1723 nmethods=1100 adapters=537
 compilation: enabled

Compilation events (10 events):
Event: 24.618 Thread 0x00007f0b240bd800 1105       3       sun.java2d.pipe.DrawImage::isBgOperation (22 bytes)
Event: 24.619 Thread 0x00007f0b240bd800 nmethod 1105 0x00007f0b153a19d0 code [0x00007f0b153a1b40, 0x00007f0b153a1e08]
Event: 24.619 Thread 0x00007f0b240bd800 1106       1       java.awt.RenderingHints$Key::intKey (5 bytes)
Event: 24.619 Thread 0x00007f0b240bd800 nmethod 1106 0x00007f0b153a1ed0 code [0x00007f0b153a2020, 0x00007f0b153a2130]
Event: 24.712 Thread 0x00007f0b240bd800 1107       3       sun.awt.X11.XWindow::postEvent (12 bytes)
Event: 24.712 Thread 0x00007f0b240bd800 nmethod 1107 0x00007f0b153a2190 code [0x00007f0b153a2340, 0x00007f0b153a2a48]
Event: 24.713 Thread 0x00007f0b240bd800 1108       3       sun.awt.SunToolkit::getSystemEventQueueImplPP (13 bytes)
Event: 24.713 Thread 0x00007f0b240bd800 nmethod 1108 0x00007f0b153a2d50 code [0x00007f0b153a2ec0, 0x00007f0b153a31a8]
Event: 24.713 Thread 0x00007f0b240bd800 1109       3       java.lang.Class::getInterfaces (41 bytes)
Event: 24.713 Thread 0x00007f0b240bd800 nmethod 1109 0x00007f0b153a3290 code [0x00007f0b153a3440, 0x00007f0b153a3898]

GC Heap History (10 events):
Event: 19.932 GC heap before
{Heap before GC invocations=16 (full 0):
 PSYoungGen      total 144384K, used 143891K [0x00000000e1800000, 0x00000000ecd80000, 0x0000000100000000)
  eden space 141312K, 99% used [0x00000000e1800000,0x00000000ea1c1df8,0x00000000ea200000)
  from space 3072K, 92% used [0x00000000ec600000,0x00000000ec8c3048,0x00000000ec900000)
  to   space 4608K, 0% used [0x00000000ec900000,0x00000000ec900000,0x00000000ecd80000)
 ParOldGen       total 62976K, used 4940K [0x00000000a4800000, 0x00000000a8580000, 0x00000000e1800000)
  object space 62976K, 7% used [0x00000000a4800000,0x00000000a4cd3280,0x00000000a8580000)
 Metaspace       used 13101K, capacity 13268K, committed 13440K, reserved 1060864K
  class space    used 1554K, capacity 1634K, committed 1664K, reserved 1048576K
Event: 19.933 GC heap after
Heap after GC invocations=16 (full 0):
 PSYoungGen      total 138752K, used 2828K [0x00000000e1800000, 0x00000000ecc00000, 0x0000000100000000)
  eden space 135680K, 0% used [0x00000000e1800000,0x00000000e1800000,0x00000000e9c80000)
  from space 3072K, 92% used [0x00000000ec900000,0x00000000ecbc3048,0x00000000ecc00000)
  to   space 5120K, 0% used [0x00000000ec200000,0x00000000ec200000,0x00000000ec700000)
 ParOldGen       total 62976K, used 4964K [0x00000000a4800000, 0x00000000a8580000, 0x00000000e1800000)
  object space 62976K, 7% used [0x00000000a4800000,0x00000000a4cd9280,0x00000000a8580000)
 Metaspace       used 13101K, capacity 13268K, committed 13440K, reserved 1060864K
  class space    used 1554K, capacity 1634K, committed 1664K, reserved 1048576K
}
Event: 21.182 GC heap before
{Heap before GC invocations=17 (full 0):
 PSYoungGen      total 138752K, used 138084K [0x00000000e1800000, 0x00000000ecc00000, 0x0000000100000000)
  eden space 135680K, 99% used [0x00000000e1800000,0x00000000e9c16228,0x00000000e9c80000)
  from space 3072K, 92% used [0x00000000ec900000,0x00000000ecbc3048,0x00000000ecc00000)
  to   space 5120K, 0% used [0x00000000ec200000,0x00000000ec200000,0x00000000ec700000)
 ParOldGen       total 62976K, used 4964K [0x00000000a4800000, 0x00000000a8580000, 0x00000000e1800000)
  object space 62976K, 7% used [0x00000000a4800000,0x00000000a4cd9280,0x00000000a8580000)
 Metaspace       used 13111K, capacity 13268K, committed 13440K, reserved 1060864K
  class space    used 1554K, capacity 1634K, committed 1664K, reserved 1048576K
Event: 21.183 GC heap after
Heap after GC invocations=17 (full 0):
 PSYoungGen      total 130560K, used 128K [0x00000000e1800000, 0x00000000ec980000, 0x0000000100000000)
  eden space 130048K, 0% used [0x00000000e1800000,0x00000000e1800000,0x00000000e9700000)
  from space 512K, 25% used [0x00000000ec200000,0x00000000ec220000,0x00000000ec280000)
  to   space 5120K, 0% used [0x00000000ec480000,0x00000000ec480000,0x00000000ec980000)
 ParOldGen       total 62976K, used 4980K [0x00000000a4800000, 0x00000000a8580000, 0x00000000e1800000)
  object space 62976K, 7% used [0x00000000a4800000,0x00000000a4cdd280,0x00000000a8580000)
 Metaspace       used 13111K, capacity 13268K, committed 13440K, reserved 1060864K
  class space    used 1554K, capacity 1634K, committed 1664K, reserved 1048576K
}
Event: 22.332 GC heap before
{Heap before GC invocations=18 (full 0):
 PSYoungGen      total 130560K, used 129781K [0x00000000e1800000, 0x00000000ec980000, 0x0000000100000000)
  eden space 130048K, 99% used [0x00000000e1800000,0x00000000e969d530,0x00000000e9700000)
  from space 512K, 25% used [0x00000000ec200000,0x00000000ec220000,0x00000000ec280000)
  to   space 5120K, 0% used [0x00000000ec480000,0x00000000ec480000,0x00000000ec980000)
 ParOldGen       total 62976K, used 4980K [0x00000000a4800000, 0x00000000a8580000, 0x00000000e1800000)
  object space 62976K, 7% used [0x00000000a4800000,0x00000000a4cdd280,0x00000000a8580000)
 Metaspace       used 13171K, capacity 13332K, committed 13440K, reserved 1060864K
  class space    used 1554K, capacity 1634K, committed 1664K, reserved 1048576K
Event: 22.333 GC heap after
Heap after GC invocations=18 (full 0):
 PSYoungGen      total 128000K, used 2828K [0x00000000e1800000, 0x00000000ec780000, 0x0000000100000000)
  eden space 124928K, 0% used [0x00000000e1800000,0x00000000e1800000,0x00000000e9200000)
  from space 3072K, 92% used [0x00000000ec480000,0x00000000ec743048,0x00000000ec780000)
  to   space 5120K, 0% used [0x00000000ebd80000,0x00000000ebd80000,0x00000000ec280000)
 ParOldGen       total 62976K, used 4996K [0x00000000a4800000, 0x00000000a8580000, 0x00000000e1800000)
  object space 62976K, 7% used [0x00000000a4800000,0x00000000a4ce1280,0x00000000a8580000)
 Metaspace       used 13171K, capacity 13332K, committed 13440K, reserved 1060864K
  class space    used 1554K, capacity 1634K, committed 1664K, reserved 1048576K
}
Event: 23.478 GC heap before
{Heap before GC invocations=19 (full 0):
 PSYoungGen      total 128000K, used 126906K [0x00000000e1800000, 0x00000000ec780000, 0x0000000100000000)
  eden space 124928K, 99% used [0x00000000e1800000,0x00000000e912b8c0,0x00000000e9200000)
  from space 3072K, 92% used [0x00000000ec480000,0x00000000ec743048,0x00000000ec780000)
  to   space 5120K, 0% used [0x00000000ebd80000,0x00000000ebd80000,0x00000000ec280000)
 ParOldGen       total 62976K, used 4996K [0x00000000a4800000, 0x00000000a8580000, 0x00000000e1800000)
  object space 62976K, 7% used [0x00000000a4800000,0x00000000a4ce1280,0x00000000a8580000)
 Metaspace       used 13176K, capacity 13332K, committed 13440K, reserved 1060864K
  class space    used 1554K, capacity 1634K, committed 1664K, reserved 1048576K
Event: 23.479 GC heap after
Heap after GC invocations=19 (full 0):
 PSYoungGen      total 120320K, used 96K [0x00000000e1800000, 0x00000000ec500000, 0x0000000100000000)
  eden space 119808K, 0% used [0x00000000e1800000,0x00000000e1800000,0x00000000e8d00000)
  from space 512K, 18% used [0x00000000ebd80000,0x00000000ebd98000,0x00000000ebe00000)
  to   space 5120K, 0% used [0x00000000ec000000,0x00000000ec000000,0x00000000ec500000)
 ParOldGen       total 62976K, used 5012K [0x00000000a4800000, 0x00000000a8580000, 0x00000000e1800000)
  object space 62976K, 7% used [0x00000000a4800000,0x00000000a4ce5280,0x00000000a8580000)
 Metaspace       used 13176K, capacity 13332K, committed 13440K, reserved 1060864K
  class space    used 1554K, capacity 1634K, committed 1664K, reserved 1048576K
}
Event: 24.531 GC heap before
{Heap before GC invocations=20 (full 0):
 PSYoungGen      total 120320K, used 118969K [0x00000000e1800000, 0x00000000ec500000, 0x0000000100000000)
  eden space 119808K, 99% used [0x00000000e1800000,0x00000000e8c166f8,0x00000000e8d00000)
  from space 512K, 18% used [0x00000000ebd80000,0x00000000ebd98000,0x00000000ebe00000)
  to   space 5120K, 0% used [0x00000000ec000000,0x00000000ec000000,0x00000000ec500000)
 ParOldGen       total 62976K, used 5012K [0x00000000a4800000, 0x00000000a8580000, 0x00000000e1800000)
  object space 62976K, 7% used [0x00000000a4800000,0x00000000a4ce5280,0x00000000a8580000)
 Metaspace       used 13248K, capacity 13396K, committed 13696K, reserved 1060864K
  class space    used 1554K, capacity 1634K, committed 1664K, reserved 1048576K
Event: 24.533 GC heap after
Heap after GC invocations=20 (full 0):
 PSYoungGen      total 118272K, used 2828K [0x00000000e1800000, 0x00000000ec300000, 0x0000000100000000)
  eden space 115200K, 0% used [0x00000000e1800000,0x00000000e1800000,0x00000000e8880000)
  from space 3072K, 92% used [0x00000000ec000000,0x00000000ec2c3048,0x00000000ec300000)
  to   space 5632K, 0% used [0x00000000eb800000,0x00000000eb800000,0x00000000ebd80000)
 ParOldGen       total 62976K, used 5020K [0x00000000a4800000, 0x00000000a8580000, 0x00000000e1800000)
  object space 62976K, 7% used [0x00000000a4800000,0x00000000a4ce7280,0x00000000a8580000)
 Metaspace       used 13248K, capacity 13396K, committed 13696K, reserved 1060864K
  class space    used 1554K, capacity 1634K, committed 1664K, reserved 1048576K
}

Deoptimization events (9 events):
Event: 0.601 Thread 0x00007f0b242c7000 Uncommon trap: reason=class_check action=maybe_recompile pc=0x00007f0b151ec178 method=java.util.HashMap.putVal(ILjava/lang/Object;Ljava/lang/Object;ZZ)Ljava/lang/Object; @ 253
Event: 0.602 Thread 0x00007f0b242c7000 Uncommon trap: reason=class_check action=maybe_recompile pc=0x00007f0b151ec178 method=java.util.HashMap.putVal(ILjava/lang/Object;Ljava/lang/Object;ZZ)Ljava/lang/Object; @ 253
Event: 0.602 Thread 0x00007f0b242c7000 Uncommon trap: reason=class_check action=maybe_recompile pc=0x00007f0b151ec178 method=java.util.HashMap.putVal(ILjava/lang/Object;Ljava/lang/Object;ZZ)Ljava/lang/Object; @ 253
Event: 0.602 Thread 0x00007f0b242c7000 Uncommon trap: reason=class_check action=maybe_recompile pc=0x00007f0b151ec178 method=java.util.HashMap.putVal(ILjava/lang/Object;Ljava/lang/Object;ZZ)Ljava/lang/Object; @ 253
Event: 0.603 Thread 0x00007f0b242c7000 Uncommon trap: reason=unstable_if action=reinterpret pc=0x00007f0b151bd854 method=java.lang.String.<init>([CII)V @ 18
Event: 4.988 Thread 0x00007f0ab4250800 Uncommon trap: reason=bimorphic action=maybe_recompile pc=0x00007f0b15205538 method=java.util.HashMap.putVal(ILjava/lang/Object;Ljava/lang/Object;ZZ)Ljava/lang/Object; @ 253
Event: 4.988 Thread 0x00007f0ab4250800 Uncommon trap: reason=bimorphic action=maybe_recompile pc=0x00007f0b15205538 method=java.util.HashMap.putVal(ILjava/lang/Object;Ljava/lang/Object;ZZ)Ljava/lang/Object; @ 253
Event: 4.988 Thread 0x00007f0ab4250800 Uncommon trap: reason=bimorphic action=maybe_recompile pc=0x00007f0b15205538 method=java.util.HashMap.putVal(ILjava/lang/Object;Ljava/lang/Object;ZZ)Ljava/lang/Object; @ 253
Event: 4.988 Thread 0x00007f0ab4250800 Uncommon trap: reason=bimorphic action=maybe_recompile pc=0x00007f0b15205538 method=java.util.HashMap.putVal(ILjava/lang/Object;Ljava/lang/Object;ZZ)Ljava/lang/Object; @ 253

Internal exceptions (10 events):
Event: 0.476 Thread 0x00007f0b24009800 Exception <a 'java/lang/ClassNotFoundException': ToggleButton> (0x00000000e1c7a7f8) thrown at [/HUDSON/workspace/8-2-build-linux-amd64/jdk8u91/6644/hotspot/src/share/vm/classfile/systemDictionary.cpp, line 210]
Event: 0.476 Thread 0x00007f0b24009800 Exception <a 'java/lang/ClassNotFoundException': javax/swing/JToolBarSeparator> (0x00000000e1c7ac58) thrown at [/HUDSON/workspace/8-2-build-linux-amd64/jdk8u91/6644/hotspot/src/share/vm/classfile/systemDictionary.cpp, line 210]
Event: 0.476 Thread 0x00007f0b24009800 Exception <a 'java/lang/ClassNotFoundException': ToolBarSeparator> (0x00000000e1c7b0f0) thrown at [/HUDSON/workspace/8-2-build-linux-amd64/jdk8u91/6644/hotspot/src/share/vm/classfile/systemDictionary.cpp, line 210]
Event: 0.477 Thread 0x00007f0b24009800 Exception <a 'java/lang/ClassNotFoundException': ToolTip> (0x00000000e1c7b830) thrown at [/HUDSON/workspace/8-2-build-linux-amd64/jdk8u91/6644/hotspot/src/share/vm/classfile/systemDictionary.cpp, line 210]
Event: 0.478 Thread 0x00007f0b24009800 Exception <a 'java/lang/ClassNotFoundException': Tree> (0x00000000e1c7c450) thrown at [/HUDSON/workspace/8-2-build-linux-amd64/jdk8u91/6644/hotspot/src/share/vm/classfile/systemDictionary.cpp, line 210]
Event: 0.478 Thread 0x00007f0b24009800 Exception <a 'java/lang/ClassNotFoundException': Tree> (0x00000000e1c7cb90) thrown at [/HUDSON/workspace/8-2-build-linux-amd64/jdk8u91/6644/hotspot/src/share/vm/classfile/systemDictionary.cpp, line 210]
Event: 0.478 Thread 0x00007f0b24009800 Exception <a 'java/lang/ClassNotFoundException': javax/swing/JTreeCell> (0x00000000e1c7cf10) thrown at [/HUDSON/workspace/8-2-build-linux-amd64/jdk8u91/6644/hotspot/src/share/vm/classfile/systemDictionary.cpp, line 210]
Event: 0.478 Thread 0x00007f0b24009800 Exception <a 'java/lang/ClassNotFoundException': TreeCell> (0x00000000e1c7d398) thrown at [/HUDSON/workspace/8-2-build-linux-amd64/jdk8u91/6644/hotspot/src/share/vm/classfile/systemDictionary.cpp, line 210]
Event: 0.479 Thread 0x00007f0b24009800 Exception <a 'java/lang/ClassNotFoundException': RootPane> (0x00000000e1c7ddf8) thrown at [/HUDSON/workspace/8-2-build-linux-amd64/jdk8u91/6644/hotspot/src/share/vm/classfile/systemDictionary.cpp, line 210]
Event: 0.801 Thread 0x00007f0b242c7000 Exception <a 'java/lang/UnsupportedOperationException': > (0x00000000e1e6d568) thrown at [/HUDSON/workspace/8-2-build-linux-amd64/jdk8u91/6644/hotspot/src/share/vm/prims/jni.cpp, line 735]

Events (10 events):
Event: 21.182 Executing VM operation: ParallelGCFailedAllocation
Event: 21.183 Executing VM operation: ParallelGCFailedAllocation done
Event: 22.332 Executing VM operation: ParallelGCFailedAllocation
Event: 22.333 Executing VM operation: ParallelGCFailedAllocation done
Event: 23.477 Executing VM operation: ParallelGCFailedAllocation
Event: 23.479 Executing VM operation: ParallelGCFailedAllocation done
Event: 24.531 Executing VM operation: ParallelGCFailedAllocation
Event: 24.533 Executing VM operation: ParallelGCFailedAllocation done
Event: 24.712 loading class sun/awt/EmbeddedFrame
Event: 24.713 loading class sun/awt/EmbeddedFrame done


Dynamic libraries:
00400000-00401000 r-xp 00000000 08:05 6694659                            /usr/lib/jvm/java-8-oracle/bin/java
00600000-00601000 rw-p 00000000 08:05 6694659                            /usr/lib/jvm/java-8-oracle/bin/java
0157d000-0159e000 rw-p 00000000 00:00 0                                  [heap]
a4800000-a8580000 rw-p 00000000 00:00 0 
a8580000-e1800000 ---p 00000000 00:00 0 
e1800000-ec300000 rw-p 00000000 00:00 0 
ec300000-100000000 ---p 00000000 00:00 0 
100000000-1001a0000 rw-p 00000000 00:00 0 
1001a0000-140000000 ---p 00000000 00:00 0 
7f0ab4000000-7f0ab4254000 rw-p 00000000 00:00 0 
7f0ab4254000-7f0ab8000000 ---p 00000000 00:00 0 
7f0ab8000000-7f0ab8ab8000 rw-p 00000000 00:00 0 
7f0ab8ab8000-7f0abc000000 ---p 00000000 00:00 0 
7f0abc000000-7f0abc021000 rw-p 00000000 00:00 0 
7f0abc021000-7f0ac0000000 ---p 00000000 00:00 0 
7f0ac14d5000-7f0ac17cd000 rw-s 00000000 00:05 2523147                    /SYSV00000000 (deleted)
7f0ac1d15000-7f0ac1fb9000 rw-p 00000000 00:00 0 
7f0ac2969000-7f0ac2b29000 rw-p 00000000 00:00 0 
7f0ac2b29000-7f0ac2b69000 ---p 00000000 00:00 0 
7f0ac2b69000-7f0ac2b93000 r-xp 00000000 08:05 6561223                    /usr/lib/jvm/java-8-oracle/jre/lib/amd64/libdcpr.so
7f0ac2b93000-7f0ac2d93000 ---p 0002a000 08:05 6561223                    /usr/lib/jvm/java-8-oracle/jre/lib/amd64/libdcpr.so
7f0ac2d93000-7f0ac2d96000 rw-p 0002a000 08:05 6561223                    /usr/lib/jvm/java-8-oracle/jre/lib/amd64/libdcpr.so
7f0ac2d96000-7f0ac2dff000 r-xp 00000000 08:05 6561200                    /usr/lib/jvm/java-8-oracle/jre/lib/amd64/libt2k.so
7f0ac2dff000-7f0ac2fff000 ---p 00069000 08:05 6561200                    /usr/lib/jvm/java-8-oracle/jre/lib/amd64/libt2k.so
7f0ac2fff000-7f0ac3006000 rw-p 00069000 08:05 6561200                    /usr/lib/jvm/java-8-oracle/jre/lib/amd64/libt2k.so
7f0ac3006000-7f0ac3216000 rw-p 00000000 00:00 0 
7f0ac3216000-7f0ac3228000 r-xp 00000000 08:05 6161078                    /usr/lib/x86_64-linux-gnu/pkcs11/gnome-keyring-pkcs11.so
7f0ac3228000-7f0ac3427000 ---p 00012000 08:05 6161078                    /usr/lib/x86_64-linux-gnu/pkcs11/gnome-keyring-pkcs11.so
7f0ac3427000-7f0ac3429000 r--p 00011000 08:05 6161078                    /usr/lib/x86_64-linux-gnu/pkcs11/gnome-keyring-pkcs11.so
7f0ac3429000-7f0ac342a000 rw-p 00013000 08:05 6161078                    /usr/lib/x86_64-linux-gnu/pkcs11/gnome-keyring-pkcs11.so
7f0ac342a000-7f0ac345a000 r-xp 00000000 08:05 6161079                    /usr/lib/x86_64-linux-gnu/pkcs11/p11-kit-trust.so
7f0ac345a000-7f0ac365a000 ---p 00030000 08:05 6161079                    /usr/lib/x86_64-linux-gnu/pkcs11/p11-kit-trust.so
7f0ac365a000-7f0ac3661000 r--p 00030000 08:05 6161079                    /usr/lib/x86_64-linux-gnu/pkcs11/p11-kit-trust.so
7f0ac3661000-7f0ac3662000 rw-p 00037000 08:05 6161079                    /usr/lib/x86_64-linux-gnu/pkcs11/p11-kit-trust.so
7f0ac3662000-7f0ac3663000 ---p 00000000 00:00 0 
7f0ac3663000-7f0ac3e63000 rwxp 00000000 00:00 0 
7f0ac3e63000-7f0ac3e67000 r-xp 00000000 08:05 266424                     /lib/x86_64-linux-gnu/libgpg-error.so.0.10.0
7f0ac3e67000-7f0ac4066000 ---p 00004000 08:05 266424                     /lib/x86_64-linux-gnu/libgpg-error.so.0.10.0
7f0ac4066000-7f0ac4067000 r--p 00003000 08:05 266424                     /lib/x86_64-linux-gnu/libgpg-error.so.0.10.0
7f0ac4067000-7f0ac4068000 rw-p 00004000 08:05 266424                     /lib/x86_64-linux-gnu/libgpg-error.so.0.10.0
7f0ac4068000-7f0ac40ac000 r-xp 00000000 08:05 266405                     /lib/x86_64-linux-gnu/libdbus-1.so.3.7.6
7f0ac40ac000-7f0ac42ab000 ---p 00044000 08:05 266405                     /lib/x86_64-linux-gnu/libdbus-1.so.3.7.6
7f0ac42ab000-7f0ac42ac000 r--p 00043000 08:05 266405                     /lib/x86_64-linux-gnu/libdbus-1.so.3.7.6
7f0ac42ac000-7f0ac42ad000 rw-p 00044000 08:05 266405                     /lib/x86_64-linux-gnu/libdbus-1.so.3.7.6
7f0ac42ad000-7f0ac42b5000 r-xp 00000000 08:05 266453                     /lib/x86_64-linux-gnu/libnih-dbus.so.1.0.0
7f0ac42b5000-7f0ac44b5000 ---p 00008000 08:05 266453                     /lib/x86_64-linux-gnu/libnih-dbus.so.1.0.0
7f0ac44b5000-7f0ac44b6000 r--p 00008000 08:05 266453                     /lib/x86_64-linux-gnu/libnih-dbus.so.1.0.0
7f0ac44b6000-7f0ac44b7000 rw-p 00009000 08:05 266453                     /lib/x86_64-linux-gnu/libnih-dbus.so.1.0.0
7f0ac44b7000-7f0ac44ce000 r-xp 00000000 08:05 266455                     /lib/x86_64-linux-gnu/libnih.so.1.0.0
7f0ac44ce000-7f0ac46cd000 ---p 00017000 08:05 266455                     /lib/x86_64-linux-gnu/libnih.so.1.0.0
7f0ac46cd000-7f0ac46ce000 r--p 00016000 08:05 266455                     /lib/x86_64-linux-gnu/libnih.so.1.0.0
7f0ac46ce000-7f0ac46cf000 rw-p 00017000 08:05 266455                     /lib/x86_64-linux-gnu/libnih.so.1.0.0
7f0ac46cf000-7f0ac46e8000 r-xp 00000000 08:05 263239                     /lib/x86_64-linux-gnu/libcgmanager.so.0.0.0
7f0ac46e8000-7f0ac48e7000 ---p 00019000 08:05 263239                     /lib/x86_64-linux-gnu/libcgmanager.so.0.0.0
7f0ac48e7000-7f0ac48e9000 r--p 00018000 08:05 263239                     /lib/x86_64-linux-gnu/libcgmanager.so.0.0.0
7f0ac48e9000-7f0ac48ea000 rw-p 0001a000 08:05 263239                     /lib/x86_64-linux-gnu/libcgmanager.so.0.0.0
7f0ac48ea000-7f0ac48f0000 r-xp 00000000 08:05 5775576                    /usr/lib/x86_64-linux-gnu/libdatrie.so.1.3.1
7f0ac48f0000-7f0ac4aef000 ---p 00006000 08:05 5775576                    /usr/lib/x86_64-linux-gnu/libdatrie.so.1.3.1
7f0ac4aef000-7f0ac4af0000 r--p 00005000 08:05 5775576                    /usr/lib/x86_64-linux-gnu/libdatrie.so.1.3.1
7f0ac4af0000-7f0ac4af1000 rw-p 00006000 08:05 5775576                    /usr/lib/x86_64-linux-gnu/libdatrie.so.1.3.1
7f0ac4af1000-7f0ac4b15000 r-xp 00000000 08:05 5771008                    /usr/lib/x86_64-linux-gnu/libgraphite2.so.3.0.1
7f0ac4b15000-7f0ac4d14000 ---p 00024000 08:05 5771008                    /usr/lib/x86_64-linux-gnu/libgraphite2.so.3.0.1
7f0ac4d14000-7f0ac4d16000 r--p 00023000 08:05 5771008                    /usr/lib/x86_64-linux-gnu/libgraphite2.so.3.0.1
7f0ac4d16000-7f0ac4d17000 rw-p 00025000 08:05 5771008                    /usr/lib/x86_64-linux-gnu/libgraphite2.so.3.0.1
7f0ac4d17000-7f0ac4d52000 r-xp 00000000 08:05 5776100                    /usr/lib/x86_64-linux-gnu/libp11-kit.so.0.0.0
7f0ac4d52000-7f0ac4f51000 ---p 0003b000 08:05 5776100                    /usr/lib/x86_64-linux-gnu/libp11-kit.so.0.0.0
7f0ac4f51000-7f0ac4f57000 r--p 0003a000 08:05 5776100                    /usr/lib/x86_64-linux-gnu/libp11-kit.so.0.0.0
7f0ac4f57000-7f0ac4f59000 rw-p 00040000 08:05 5776100                    /usr/lib/x86_64-linux-gnu/libp11-kit.so.0.0.0
7f0ac4f59000-7f0ac4f6b000 r-xp 00000000 08:05 5767460                    /usr/lib/x86_64-linux-gnu/libtasn1.so.6.2.0
7f0ac4f6b000-7f0ac516b000 ---p 00012000 08:05 5767460                    /usr/lib/x86_64-linux-gnu/libtasn1.so.6.2.0
7f0ac516b000-7f0ac516c000 r--p 00012000 08:05 5767460                    /usr/lib/x86_64-linux-gnu/libtasn1.so.6.2.0
7f0ac516c000-7f0ac516d000 rw-p 00013000 08:05 5767460                    /usr/lib/x86_64-linux-gnu/libtasn1.so.6.2.0
7f0ac516d000-7f0ac51e9000 r-xp 00000000 08:05 266412                     /lib/x86_64-linux-gnu/libgcrypt.so.11.8.2
7f0ac51e9000-7f0ac53e9000 ---p 0007c000 08:05 266412                     /lib/x86_64-linux-gnu/libgcrypt.so.11.8.2
7f0ac53e9000-7f0ac53ea000 r--p 0007c000 08:05 266412                     /lib/x86_64-linux-gnu/libgcrypt.so.11.8.2
7f0ac53ea000-7f0ac53ed000 rw-p 0007d000 08:05 266412                     /lib/x86_64-linux-gnu/libgcrypt.so.11.8.2
7f0ac53ed000-7f0ac546a000 r-xp 00000000 08:05 5776096                    /usr/lib/x86_64-linux-gnu/liborc-0.4.so.0.18.0
7f0ac546a000-7f0ac5669000 ---p 0007d000 08:05 5776096                    /usr/lib/x86_64-linux-gnu/liborc-0.4.so.0.18.0
7f0ac5669000-7f0ac566b000 r--p 0007c000 08:05 5776096                    /usr/lib/x86_64-linux-gnu/liborc-0.4.so.0.18.0
7f0ac566b000-7f0ac566f000 rw-p 0007e000 08:05 5776096                    /usr/lib/x86_64-linux-gnu/liborc-0.4.so.0.18.0
7f0ac566f000-7f0ac5676000 r-xp 00000000 08:05 5776092                    /usr/lib/x86_64-linux-gnu/libogg.so.0.8.1
7f0ac5676000-7f0ac5876000 ---p 00007000 08:05 5776092                    /usr/lib/x86_64-linux-gnu/libogg.so.0.8.1
7f0ac5876000-7f0ac5877000 r--p 00007000 08:05 5776092                    /usr/lib/x86_64-linux-gnu/libogg.so.0.8.1
7f0ac5877000-7f0ac5878000 rw-p 00008000 08:05 5776092                    /usr/lib/x86_64-linux-gnu/libogg.so.0.8.1
7f0ac5878000-7f0ac5888000 r-xp 00000000 08:05 266482                     /lib/x86_64-linux-gnu/libudev.so.1.3.5
7f0ac5888000-7f0ac5a87000 ---p 00010000 08:05 266482                     /lib/x86_64-linux-gnu/libudev.so.1.3.5
7f0ac5a87000-7f0ac5a88000 r--p 0000f000 08:05 266482                     /lib/x86_64-linux-gnu/libudev.so.1.3.5
7f0ac5a88000-7f0ac5a89000 rw-p 00010000 08:05 266482                     /lib/x86_64-linux-gnu/libudev.so.1.3.5
7f0ac5a89000-7f0ac5ab0000 r-xp 00000000 08:05 262453                     /lib/x86_64-linux-gnu/libexpat.so.1.6.0
7f0ac5ab0000-7f0ac5cb0000 ---p 00027000 08:05 262453                     /lib/x86_64-linux-gnu/libexpat.so.1.6.0
7f0ac5cb0000-7f0ac5cb2000 r--p 00027000 08:05 262453                     /lib/x86_64-linux-gnu/libexpat.so.1.6.0
7f0ac5cb2000-7f0ac5cb3000 rw-p 00029000 08:05 262453                     /lib/x86_64-linux-gnu/libexpat.so.1.6.0
7f0ac5cb3000-7f0ac5cbb000 r-xp 00000000 08:05 5776299                    /usr/lib/x86_64-linux-gnu/libthai.so.0.2.0
7f0ac5cbb000-7f0ac5eba000 ---p 00008000 08:05 5776299                    /usr/lib/x86_64-linux-gnu/libthai.so.0.2.0
7f0ac5eba000-7f0ac5ebb000 r--p 00007000 08:05 5776299                    /usr/lib/x86_64-linux-gnu/libthai.so.0.2.0
7f0ac5ebb000-7f0ac5ebc000 rw-p 00008000 08:05 5776299                    /usr/lib/x86_64-linux-gnu/libthai.so.0.2.0
7f0ac5ebc000-7f0ac5f0f000 r-xp 00000000 08:05 5775915                    /usr/lib/x86_64-linux-gnu/libharfbuzz.so.0.927.0
7f0ac5f0f000-7f0ac610f000 ---p 00053000 08:05 5775915                    /usr/lib/x86_64-linux-gnu/libharfbuzz.so.0.927.0
7f0ac610f000-7f0ac6110000 r--p 00053000 08:05 5775915                    /usr/lib/x86_64-linux-gnu/libharfbuzz.so.0.927.0
7f0ac6110000-7f0ac6111000 rw-p 00054000 08:05 5775915                    /usr/lib/x86_64-linux-gnu/libharfbuzz.so.0.927.0
7f0ac6111000-7f0ac6128000 r-xp 00000000 08:05 262149                     /lib/x86_64-linux-gnu/libresolv-2.19.so
7f0ac6128000-7f0ac6328000 ---p 00017000 08:05 262149                     /lib/x86_64-linux-gnu/libresolv-2.19.so
7f0ac6328000-7f0ac6329000 r--p 00017000 08:05 262149                     /lib/x86_64-linux-gnu/libresolv-2.19.so
7f0ac6329000-7f0ac632a000 rw-p 00018000 08:05 262149                     /lib/x86_64-linux-gnu/libresolv-2.19.so
7f0ac632a000-7f0ac632c000 rw-p 00000000 00:00 0 
7f0ac632c000-7f0ac634c000 r-xp 00000000 08:05 266521                     /lib/x86_64-linux-gnu/libselinux.so.1
7f0ac634c000-7f0ac654b000 ---p 00020000 08:05 266521                     /lib/x86_64-linux-gnu/libselinux.so.1
7f0ac654b000-7f0ac654c000 r--p 0001f000 08:05 266521                     /lib/x86_64-linux-gnu/libselinux.so.1
7f0ac654c000-7f0ac654d000 rw-p 00020000 08:05 266521                     /lib/x86_64-linux-gnu/libselinux.so.1
7f0ac654d000-7f0ac654f000 rw-p 00000000 00:00 0 
7f0ac654f000-7f0ac655e000 r-xp 00000000 08:05 266390                     /lib/x86_64-linux-gnu/libbz2.so.1.0.4
7f0ac655e000-7f0ac675d000 ---p 0000f000 08:05 266390                     /lib/x86_64-linux-gnu/libbz2.so.1.0.4
7f0ac675d000-7f0ac675e000 r--p 0000e000 08:05 266390                     /lib/x86_64-linux-gnu/libbz2.so.1.0.4
7f0ac675e000-7f0ac675f000 rw-p 0000f000 08:05 266390                     /lib/x86_64-linux-gnu/libbz2.so.1.0.4
7f0ac675f000-7f0ac6816000 r-xp 00000000 08:05 5769454                    /usr/lib/x86_64-linux-gnu/libgnutls.so.26.22.6
7f0ac6816000-7f0ac6a15000 ---p 000b7000 08:05 5769454                    /usr/lib/x86_64-linux-gnu/libgnutls.so.26.22.6
7f0ac6a15000-7f0ac6a1b000 r--p 000b6000 08:05 5769454                    /usr/lib/x86_64-linux-gnu/libgnutls.so.26.22.6
7f0ac6a1b000-7f0ac6a1c000 rw-p 000bc000 08:05 5769454                    /usr/lib/x86_64-linux-gnu/libgnutls.so.26.22.6
7f0ac6a1c000-7f0ac6a1d000 rw-p 00000000 00:00 0 
7f0ac6a1d000-7f0ac6a36000 r-xp 00000000 08:05 5776209                    /usr/lib/x86_64-linux-gnu/librtmp.so.0
7f0ac6a36000-7f0ac6c35000 ---p 00019000 08:05 5776209                    /usr/lib/x86_64-linux-gnu/librtmp.so.0
7f0ac6c35000-7f0ac6c36000 r--p 00018000 08:05 5776209                    /usr/lib/x86_64-linux-gnu/librtmp.so.0
7f0ac6c36000-7f0ac6c37000 rw-p 00019000 08:05 5776209                    /usr/lib/x86_64-linux-gnu/librtmp.so.0
7f0ac6c37000-7f0ac6c4c000 r-xp 00000000 08:05 5770356                    /usr/lib/x86_64-linux-gnu/libva.so.1.3600.0
7f0ac6c4c000-7f0ac6e4b000 ---p 00015000 08:05 5770356                    /usr/lib/x86_64-linux-gnu/libva.so.1.3600.0
7f0ac6e4b000-7f0ac6e4c000 r--p 00014000 08:05 5770356                    /usr/lib/x86_64-linux-gnu/libva.so.1.3600.0
7f0ac6e4c000-7f0ac6e4d000 rw-p 00015000 08:05 5770356                    /usr/lib/x86_64-linux-gnu/libva.so.1.3600.0
7f0ac6e4d000-7f0ac6ef6000 r-xp 00000000 08:05 5767710                    /usr/lib/x86_64-linux-gnu/libfdk-aac.so.0.0.4
7f0ac6ef6000-7f0ac70f5000 ---p 000a9000 08:05 5767710                    /usr/lib/x86_64-linux-gnu/libfdk-aac.so.0.0.4
7f0ac70f5000-7f0ac70f7000 r--p 000a8000 08:05 5767710                    /usr/lib/x86_64-linux-gnu/libfdk-aac.so.0.0.4
7f0ac70f7000-7f0ac70f8000 rw-p 000aa000 08:05 5767710                    /usr/lib/x86_64-linux-gnu/libfdk-aac.so.0.0.4
7f0ac70f8000-7f0ac70fa000 rw-p 00000000 00:00 0 
7f0ac70fa000-7f0ac7107000 r-xp 00000000 08:05 5767959                    /usr/lib/x86_64-linux-gnu/libgsm.so.1.0.12
7f0ac7107000-7f0ac7306000 ---p 0000d000 08:05 5767959                    /usr/lib/x86_64-linux-gnu/libgsm.so.1.0.12
7f0ac7306000-7f0ac7307000 r--p 0000c000 08:05 5767959                    /usr/lib/x86_64-linux-gnu/libgsm.so.1.0.12
7f0ac7307000-7f0ac7308000 rw-p 0000d000 08:05 5767959                    /usr/lib/x86_64-linux-gnu/libgsm.so.1.0.12
7f0ac7308000-7f0ac734d000 r-xp 00000000 08:05 5770790                    /usr/lib/x86_64-linux-gnu/libmp3lame.so.0.0.0
7f0ac734d000-7f0ac754d000 ---p 00045000 08:05 5770790                    /usr/lib/x86_64-linux-gnu/libmp3lame.so.0.0.0
7f0ac754d000-7f0ac754e000 r--p 00045000 08:05 5770790                    /usr/lib/x86_64-linux-gnu/libmp3lame.so.0.0.0
7f0ac754e000-7f0ac754f000 rw-p 00046000 08:05 5770790                    /usr/lib/x86_64-linux-gnu/libmp3lame.so.0.0.0
7f0ac754f000-7f0ac757d000 rw-p 00000000 00:00 0 
7f0ac757d000-7f0ac759e000 r-xp 00000000 08:05 5770278                    /usr/lib/x86_64-linux-gnu/libopenjpeg-2.1.3.0.so
7f0ac759e000-7f0ac779d000 ---p 00021000 08:05 5770278                    /usr/lib/x86_64-linux-gnu/libopenjpeg-2.1.3.0.so
7f0ac779d000-7f0ac779e000 r--p 00020000 08:05 5770278                    /usr/lib/x86_64-linux-gnu/libopenjpeg-2.1.3.0.so
7f0ac779e000-7f0ac779f000 rw-p 00021000 08:05 5770278                    /usr/lib/x86_64-linux-gnu/libopenjpeg-2.1.3.0.so
7f0ac779f000-7f0ac77e6000 r-xp 00000000 08:05 5770259                    /usr/lib/x86_64-linux-gnu/libopus.so.0.5.0
7f0ac77e6000-7f0ac79e5000 ---p 00047000 08:05 5770259                    /usr/lib/x86_64-linux-gnu/libopus.so.0.5.0
7f0ac79e5000-7f0ac79e6000 r--p 00046000 08:05 5770259                    /usr/lib/x86_64-linux-gnu/libopus.so.0.5.0
7f0ac79e6000-7f0ac79e7000 rw-p 00047000 08:05 5770259                    /usr/lib/x86_64-linux-gnu/libopus.so.0.5.0
7f0ac79e7000-7f0ac7aa7000 r-xp 00000000 08:05 5770802                    /usr/lib/x86_64-linux-gnu/libschroedinger-1.0.so.0.11.0
7f0ac7aa7000-7f0ac7ca7000 ---p 000c0000 08:05 5770802                    /usr/lib/x86_64-linux-gnu/libschroedinger-1.0.so.0.11.0
7f0ac7ca7000-7f0ac7ca9000 r--p 000c0000 08:05 5770802                    /usr/lib/x86_64-linux-gnu/libschroedinger-1.0.so.0.11.0
7f0ac7ca9000-7f0ac7caa000 rw-p 000c2000 08:05 5770802                    /usr/lib/x86_64-linux-gnu/libschroedinger-1.0.so.0.11.0
7f0ac7caa000-7f0ac7cab000 rw-p 00000000 00:00 0 
7f0ac7cab000-7f0ac7cc2000 r-xp 00000000 08:05 5776263                    /usr/lib/x86_64-linux-gnu/libspeex.so.1.5.0
7f0ac7cc2000-7f0ac7ec2000 ---p 00017000 08:05 5776263                    /usr/lib/x86_64-linux-gnu/libspeex.so.1.5.0
7f0ac7ec2000-7f0ac7ec3000 r--p 00017000 08:05 5776263                    /usr/lib/x86_64-linux-gnu/libspeex.so.1.5.0
7f0ac7ec3000-7f0ac7ec4000 rw-p 00018000 08:05 5776263                    /usr/lib/x86_64-linux-gnu/libspeex.so.1.5.0
7f0ac7ec4000-7f0ac7edc000 r-xp 00000000 08:05 5776303                    /usr/lib/x86_64-linux-gnu/libtheoradec.so.1.1.4
7f0ac7edc000-7f0ac80db000 ---p 00018000 08:05 5776303                    /usr/lib/x86_64-linux-gnu/libtheoradec.so.1.1.4
7f0ac80db000-7f0ac80dc000 r--p 00017000 08:05 5776303                    /usr/lib/x86_64-linux-gnu/libtheoradec.so.1.1.4
7f0ac80dc000-7f0ac80dd000 rw-p 00018000 08:05 5776303                    /usr/lib/x86_64-linux-gnu/libtheoradec.so.1.1.4
7f0ac80dd000-7f0ac811c000 r-xp 00000000 08:05 5776305                    /usr/lib/x86_64-linux-gnu/libtheoraenc.so.1.1.2
7f0ac811c000-7f0ac831b000 ---p 0003f000 08:05 5776305                    /usr/lib/x86_64-linux-gnu/libtheoraenc.so.1.1.2
7f0ac831b000-7f0ac831c000 r--p 0003e000 08:05 5776305                    /usr/lib/x86_64-linux-gnu/libtheoraenc.so.1.1.2
7f0ac831c000-7f0ac831d000 rw-p 0003f000 08:05 5776305                    /usr/lib/x86_64-linux-gnu/libtheoraenc.so.1.1.2
7f0ac831d000-7f0ac834c000 r-xp 00000000 08:05 5772261                    /usr/lib/x86_64-linux-gnu/libvorbis.so.0.4.7
7f0ac834c000-7f0ac854b000 ---p 0002f000 08:05 5772261                    /usr/lib/x86_64-linux-gnu/libvorbis.so.0.4.7
7f0ac854b000-7f0ac854c000 r--p 0002e000 08:05 5772261                    /usr/lib/x86_64-linux-gnu/libvorbis.so.0.4.7
7f0ac854c000-7f0ac854d000 rw-p 0002f000 08:05 5772261                    /usr/lib/x86_64-linux-gnu/libvorbis.so.0.4.7
7f0ac854d000-7f0ac85dd000 r-xp 00000000 08:05 5771428                    /usr/lib/x86_64-linux-gnu/libvorbisenc.so.2.0.10
7f0ac85dd000-7f0ac87dc000 ---p 00090000 08:05 5771428                    /usr/lib/x86_64-linux-gnu/libvorbisenc.so.2.0.10
7f0ac87dc000-7f0ac87f8000 r--p 0008f000 08:05 5771428                    /usr/lib/x86_64-linux-gnu/libvorbisenc.so.2.0.10
7f0ac87f8000-7f0ac87f9000 rw-p 000ab000 08:05 5771428                    /usr/lib/x86_64-linux-gnu/libvorbisenc.so.2.0.10
7f0ac87f9000-7f0ac8991000 r-xp 00000000 08:05 5772622                    /usr/lib/x86_64-linux-gnu/libvpx.so.1.3.0
7f0ac8991000-7f0ac8b91000 ---p 00198000 08:05 5772622                    /usr/lib/x86_64-linux-gnu/libvpx.so.1.3.0
7f0ac8b91000-7f0ac8b92000 r--p 00198000 08:05 5772622                    /usr/lib/x86_64-linux-gnu/libvpx.so.1.3.0
7f0ac8b92000-7f0ac8b93000 rw-p 00199000 08:05 5772622                    /usr/lib/x86_64-linux-gnu/libvpx.so.1.3.0
7f0ac8b93000-7f0ac8bd9000 rw-p 00000000 00:00 0 
7f0ac8bd9000-7f0ac8cf3000 r-xp 00000000 08:05 5775154                    /usr/lib/x86_64-linux-gnu/libx264.so.142
7f0ac8cf3000-7f0ac8ef3000 ---p 0011a000 08:05 5775154                    /usr/lib/x86_64-linux-gnu/libx264.so.142
7f0ac8ef3000-7f0ac8ef4000 r--p 0011a000 08:05 5775154                    /usr/lib/x86_64-linux-gnu/libx264.so.142
7f0ac8ef4000-7f0ac8ef5000 rw-p 0011b000 08:05 5775154                    /usr/lib/x86_64-linux-gnu/libx264.so.142
7f0ac8ef5000-7f0ac8f70000 rw-p 00000000 00:00 0 
7f0ac8f70000-7f0ac903b000 r-xp 00000000 08:05 5772240                    /usr/lib/x86_64-linux-gnu/libxvidcore.so.4.3
7f0ac903b000-7f0ac923a000 ---p 000cb000 08:05 5772240                    /usr/lib/x86_64-linux-gnu/libxvidcore.so.4.3
7f0ac923a000-7f0ac923b000 r--p 000ca000 08:05 5772240                    /usr/lib/x86_64-linux-gnu/libxvidcore.so.4.3
7f0ac923b000-7f0ac9245000 rw-p 000cb000 08:05 5772240                    /usr/lib/x86_64-linux-gnu/libxvidcore.so.4.3
7f0ac9245000-7f0ac92ae000 rw-p 00000000 00:00 0 
7f0ac92ae000-7f0ac92c3000 r-xp 00000000 08:05 266545                     /lib/x86_64-linux-gnu/libusb-1.0.so.0.1.0
7f0ac92c3000-7f0ac94c3000 ---p 00015000 08:05 266545                     /lib/x86_64-linux-gnu/libusb-1.0.so.0.1.0
7f0ac94c3000-7f0ac94c4000 r--p 00015000 08:05 266545                     /lib/x86_64-linux-gnu/libusb-1.0.so.0.1.0
7f0ac94c4000-7f0ac94c5000 rw-p 00016000 08:05 266545                     /lib/x86_64-linux-gnu/libusb-1.0.so.0.1.0
7f0ac94c5000-7f0ac94d2000 r-xp 00000000 08:05 5776187                    /usr/lib/x86_64-linux-gnu/libraw1394.so.11.1.0
7f0ac94d2000-7f0ac96d1000 ---p 0000d000 08:05 5776187                    /usr/lib/x86_64-linux-gnu/libraw1394.so.11.1.0
7f0ac96d1000-7f0ac96d2000 r--p 0000c000 08:05 5776187                    /usr/lib/x86_64-linux-gnu/libraw1394.so.11.1.0
7f0ac96d2000-7f0ac96d3000 rw-p 0000d000 08:05 5776187                    /usr/lib/x86_64-linux-gnu/libraw1394.so.11.1.0
7f0ac96d3000-7f0ac9710000 r-xp 00000000 08:05 269619                     /lib/x86_64-linux-gnu/libpcre.so.3.13.1
7f0ac9710000-7f0ac990f000 ---p 0003d000 08:05 269619                     /lib/x86_64-linux-gnu/libpcre.so.3.13.1
7f0ac990f000-7f0ac9910000 r--p 0003c000 08:05 269619                     /lib/x86_64-linux-gnu/libpcre.so.3.13.1
7f0ac9910000-7f0ac9911000 rw-p 0003d000 08:05 269619                     /lib/x86_64-linux-gnu/libpcre.so.3.13.1
7f0ac9911000-7f0ac9918000 r-xp 00000000 08:05 5769444                    /usr/lib/x86_64-linux-gnu/libffi.so.6.0.1
7f0ac9918000-7f0ac9b17000 ---p 00007000 08:05 5769444                    /usr/lib/x86_64-linux-gnu/libffi.so.6.0.1
7f0ac9b17000-7f0ac9b18000 r--p 00006000 08:05 5769444                    /usr/lib/x86_64-linux-gnu/libffi.so.6.0.1
7f0ac9b18000-7f0ac9b19000 rw-p 00007000 08:05 5769444                    /usr/lib/x86_64-linux-gnu/libffi.so.6.0.1
7f0ac9b19000-7f0ac9b21000 r-xp 00000000 08:05 5776425                    /usr/lib/x86_64-linux-gnu/libxcb-render.so.0.0.0
7f0ac9b21000-7f0ac9d20000 ---p 00008000 08:05 5776425                    /usr/lib/x86_64-linux-gnu/libxcb-render.so.0.0.0
7f0ac9d20000-7f0ac9d21000 r--p 00007000 08:05 5776425                    /usr/lib/x86_64-linux-gnu/libxcb-render.so.0.0.0
7f0ac9d21000-7f0ac9d22000 rw-p 00008000 08:05 5776425                    /usr/lib/x86_64-linux-gnu/libxcb-render.so.0.0.0
7f0ac9d22000-7f0ac9d24000 r-xp 00000000 08:05 5776429                    /usr/lib/x86_64-linux-gnu/libxcb-shm.so.0.0.0
7f0ac9d24000-7f0ac9f23000 ---p 00002000 08:05 5776429                    /usr/lib/x86_64-linux-gnu/libxcb-shm.so.0.0.0
7f0ac9f23000-7f0ac9f24000 r--p 00001000 08:05 5776429                    /usr/lib/x86_64-linux-gnu/libxcb-shm.so.0.0.0
7f0ac9f24000-7f0ac9f25000 rw-p 00002000 08:05 5776429                    /usr/lib/x86_64-linux-gnu/libxcb-shm.so.0.0.0
7f0ac9f25000-7f0ac9fc2000 r-xp 00000000 08:05 5770934                    /usr/lib/x86_64-linux-gnu/libfreetype.so.6.11.1
7f0ac9fc2000-7f0aca1c1000 ---p 0009d000 08:05 5770934                    /usr/lib/x86_64-linux-gnu/libfreetype.so.6.11.1
7f0aca1c1000-7f0aca1c7000 r--p 0009c000 08:05 5770934                    /usr/lib/x86_64-linux-gnu/libfreetype.so.6.11.1
7f0aca1c7000-7f0aca1c8000 rw-p 000a2000 08:05 5770934                    /usr/lib/x86_64-linux-gnu/libfreetype.so.6.11.1
7f0aca1c8000-7f0aca268000 r-xp 00000000 08:05 5770991                    /usr/lib/x86_64-linux-gnu/libpixman-1.so.0.30.2
7f0aca268000-7f0aca468000 ---p 000a0000 08:05 5770991                    /usr/lib/x86_64-linux-gnu/libpixman-1.so.0.30.2
7f0aca468000-7f0aca46f000 r--p 000a0000 08:05 5770991                    /usr/lib/x86_64-linux-gnu/libpixman-1.so.0.30.2
7f0aca46f000-7f0aca470000 rw-p 000a7000 08:05 5770991                    /usr/lib/x86_64-linux-gnu/libpixman-1.so.0.30.2
7f0aca470000-7f0aca472000 r-xp 00000000 08:05 5775382                    /usr/lib/x86_64-linux-gnu/libXdamage.so.1.1.0
7f0aca472000-7f0aca671000 ---p 00002000 08:05 5775382                    /usr/lib/x86_64-linux-gnu/libXdamage.so.1.1.0
7f0aca671000-7f0aca672000 r--p 00001000 08:05 5775382                    /usr/lib/x86_64-linux-gnu/libXdamage.so.1.1.0
7f0aca672000-7f0aca673000 rw-p 00002000 08:05 5775382                    /usr/lib/x86_64-linux-gnu/libXdamage.so.1.1.0
7f0aca673000-7f0aca675000 r-xp 00000000 08:05 5775378                    /usr/lib/x86_64-linux-gnu/libXcomposite.so.1.0.0
7f0aca675000-7f0aca874000 ---p 00002000 08:05 5775378                    /usr/lib/x86_64-linux-gnu/libXcomposite.so.1.0.0
7f0aca874000-7f0aca875000 r--p 00001000 08:05 5775378                    /usr/lib/x86_64-linux-gnu/libXcomposite.so.1.0.0
7f0aca875000-7f0aca876000 rw-p 00002000 08:05 5775378                    /usr/lib/x86_64-linux-gnu/libXcomposite.so.1.0.0
7f0aca876000-7f0aca87f000 r-xp 00000000 08:05 5775406                    /usr/lib/x86_64-linux-gnu/libXrandr.so.2.2.0
7f0aca87f000-7f0acaa7e000 ---p 00009000 08:05 5775406                    /usr/lib/x86_64-linux-gnu/libXrandr.so.2.2.0
7f0acaa7e000-7f0acaa7f000 r--p 00008000 08:05 5775406                    /usr/lib/x86_64-linux-gnu/libXrandr.so.2.2.0
7f0acaa7f000-7f0acaa80000 rw-p 00009000 08:05 5775406                    /usr/lib/x86_64-linux-gnu/libXrandr.so.2.2.0
7f0acaa80000-7f0acaa82000 r-xp 00000000 08:05 5775396                    /usr/lib/x86_64-linux-gnu/libXinerama.so.1.0.0
7f0acaa82000-7f0acac81000 ---p 00002000 08:05 5775396                    /usr/lib/x86_64-linux-gnu/libXinerama.so.1.0.0
7f0acac81000-7f0acac82000 r--p 00001000 08:05 5775396                    /usr/lib/x86_64-linux-gnu/libXinerama.so.1.0.0
7f0acac82000-7f0acac83000 rw-p 00002000 08:05 5775396                    /usr/lib/x86_64-linux-gnu/libXinerama.so.1.0.0
7f0acac83000-7f0acacbd000 r-xp 00000000 08:05 5775669                    /usr/lib/x86_64-linux-gnu/libfontconfig.so.1.8.0
7f0acacbd000-7f0acaebc000 ---p 0003a000 08:05 5775669                    /usr/lib/x86_64-linux-gnu/libfontconfig.so.1.8.0
7f0acaebc000-7f0acaebe000 r--p 00039000 08:05 5775669                    /usr/lib/x86_64-linux-gnu/libfontconfig.so.1.8.0
7f0acaebe000-7f0acaebf000 rw-p 0003b000 08:05 5775669                    /usr/lib/x86_64-linux-gnu/libfontconfig.so.1.8.0
7f0acaebf000-7f0acaf09000 r-xp 00000000 08:05 5776108                    /usr/lib/x86_64-linux-gnu/libpango-1.0.so.0.3600.3
7f0acaf09000-7f0acb109000 ---p 0004a000 08:05 5776108                    /usr/lib/x86_64-linux-gnu/libpango-1.0.so.0.3600.3
7f0acb109000-7f0acb10b000 r--p 0004a000 08:05 5776108                    /usr/lib/x86_64-linux-gnu/libpango-1.0.so.0.3600.3
7f0acb10b000-7f0acb10c000 rw-p 0004c000 08:05 5776108                    /usr/lib/x86_64-linux-gnu/libpango-1.0.so.0.3600.3
7f0acb10c000-7f0acb120000 r-xp 00000000 08:05 5776112                    /usr/lib/x86_64-linux-gnu/libpangoft2-1.0.so.0.3600.3
7f0acb120000-7f0acb31f000 ---p 00014000 08:05 5776112                    /usr/lib/x86_64-linux-gnu/libpangoft2-1.0.so.0.3600.3
7f0acb31f000-7f0acb320000 r--p 00013000 08:05 5776112                    /usr/lib/x86_64-linux-gnu/libpangoft2-1.0.so.0.3600.3
7f0acb320000-7f0acb321000 rw-p 00014000 08:05 5776112                    /usr/lib/x86_64-linux-gnu/libpangoft2-1.0.so.0.3600.3
7f0acb321000-7f0acb48d000 r-xp 00000000 08:05 5775756                    /usr/lib/x86_64-linux-gnu/libgio-2.0.so.0.4002.0
7f0acb48d000-7f0acb68c000 ---p 0016c000 08:05 5775756                    /usr/lib/x86_64-linux-gnu/libgio-2.0.so.0.4002.0
7f0acb68c000-7f0acb690000 r--p 0016b000 08:05 5775756                    /usr/lib/x86_64-linux-gnu/libgio-2.0.so.0.4002.0
7f0acb690000-7f0acb692000 rw-p 0016f000 08:05 5775756                    /usr/lib/x86_64-linux-gnu/libgio-2.0.so.0.4002.0
7f0acb692000-7f0acb694000 rw-p 00000000 00:00 0 
7f0acb694000-7f0acb6b3000 r-xp 00000000 08:05 5775465                    /usr/lib/x86_64-linux-gnu/libatk-1.0.so.0.21009.1
7f0acb6b3000-7f0acb8b3000 ---p 0001f000 08:05 5775465                    /usr/lib/x86_64-linux-gnu/libatk-1.0.so.0.21009.1
7f0acb8b3000-7f0acb8b5000 r--p 0001f000 08:05 5775465                    /usr/lib/x86_64-linux-gnu/libatk-1.0.so.0.21009.1
7f0acb8b5000-7f0acb8b6000 rw-p 00021000 08:05 5775465                    /usr/lib/x86_64-linux-gnu/libatk-1.0.so.0.21009.1
7f0acb8b6000-7f0acb8c1000 r-xp 00000000 08:05 5776110                    /usr/lib/x86_64-linux-gnu/libpangocairo-1.0.so.0.3600.3
7f0acb8c1000-7f0acbac1000 ---p 0000b000 08:05 5776110                    /usr/lib/x86_64-linux-gnu/libpangocairo-1.0.so.0.3600.3
7f0acbac1000-7f0acbac2000 r--p 0000b000 08:05 5776110                    /usr/lib/x86_64-linux-gnu/libpangocairo-1.0.so.0.3600.3
7f0acbac2000-7f0acbac3000 rw-p 0000c000 08:05 5776110                    /usr/lib/x86_64-linux-gnu/libpangocairo-1.0.so.0.3600.3
7f0acbac3000-7f0acbac6000 r-xp 00000000 08:05 5775768                    /usr/lib/x86_64-linux-gnu/libgmodule-2.0.so.0.4002.0
7f0acbac6000-7f0acbcc5000 ---p 00003000 08:05 5775768                    /usr/lib/x86_64-linux-gnu/libgmodule-2.0.so.0.4002.0
7f0acbcc5000-7f0acbcc6000 r--p 00002000 08:05 5775768                    /usr/lib/x86_64-linux-gnu/libgmodule-2.0.so.0.4002.0
7f0acbcc6000-7f0acbcc7000 rw-p 00003000 08:05 5775768                    /usr/lib/x86_64-linux-gnu/libgmodule-2.0.so.0.4002.0
7f0acbcc7000-7f0acbcd2000 r-xp 00000000 08:05 5775971                    /usr/lib/x86_64-linux-gnu/libjbig.so.0
7f0acbcd2000-7f0acbed1000 ---p 0000b000 08:05 5775971                    /usr/lib/x86_64-linux-gnu/libjbig.so.0
7f0acbed1000-7f0acbed2000 r--p 0000a000 08:05 5775971                    /usr/lib/x86_64-linux-gnu/libjbig.so.0
7f0acbed2000-7f0acbed5000 rw-p 0000b000 08:05 5775971                    /usr/lib/x86_64-linux-gnu/libjbig.so.0
7f0acbed5000-7f0acbef6000 r-xp 00000000 08:05 266438                     /lib/x86_64-linux-gnu/liblzma.so.5.0.0
7f0acbef6000-7f0acc0f5000 ---p 00021000 08:05 266438                     /lib/x86_64-linux-gnu/liblzma.so.5.0.0
7f0acc0f5000-7f0acc0f6000 r--p 00020000 08:05 266438                     /lib/x86_64-linux-gnu/liblzma.so.5.0.0
7f0acc0f6000-7f0acc0f7000 rw-p 00021000 08:05 266438                     /lib/x86_64-linux-gnu/liblzma.so.5.0.0
7f0acc0f7000-7f0acc13c000 r-xp 00000000 08:05 5769890                    /usr/lib/x86_64-linux-gnu/libswscale.so.2.1.1
7f0acc13c000-7f0acc33c000 ---p 00045000 08:05 5769890                    /usr/lib/x86_64-linux-gnu/libswscale.so.2.1.1
7f0acc33c000-7f0acc33d000 r--p 00045000 08:05 5769890                    /usr/lib/x86_64-linux-gnu/libswscale.so.2.1.1
7f0acc33d000-7f0acc33e000 rw-p 00046000 08:05 5769890                    /usr/lib/x86_64-linux-gnu/libswscale.so.2.1.1
7f0acc33e000-7f0acc35c000 r-xp 00000000 08:05 5769683                    /usr/lib/x86_64-linux-gnu/libavutil.so.52.3.0
7f0acc35c000-7f0acc55c000 ---p 0001e000 08:05 5769683                    /usr/lib/x86_64-linux-gnu/libavutil.so.52.3.0
7f0acc55c000-7f0acc55e000 r--p 0001e000 08:05 5769683                    /usr/lib/x86_64-linux-gnu/libavutil.so.52.3.0
7f0acc55e000-7f0acc55f000 rw-p 00020000 08:05 5769683                    /usr/lib/x86_64-linux-gnu/libavutil.so.52.3.0
7f0acc55f000-7f0acc563000 rw-p 00000000 00:00 0 
7f0acc563000-7f0accb18000 r-xp 00000000 08:05 5772234                    /usr/lib/x86_64-linux-gnu/libavcodec.so.54.35.0
7f0accb18000-7f0accd17000 ---p 005b5000 08:05 5772234                    /usr/lib/x86_64-linux-gnu/libavcodec.so.54.35.0
7f0accd17000-7f0accd2a000 r--p 005b4000 08:05 5772234                    /usr/lib/x86_64-linux-gnu/libavcodec.so.54.35.0
7f0accd2a000-7f0accd42000 rw-p 005c7000 08:05 5772234                    /usr/lib/x86_64-linux-gnu/libavcodec.so.54.35.0
7f0accd42000-7f0acd2b8000 rw-p 00000000 00:00 0 
7f0acd2b8000-7f0acfce1000 r-xp 00000000 08:05 917711                     /usr/local/share/OpenCV/java/libopencv_java310.so
7f0acfce1000-7f0acfee0000 ---p 02a29000 08:05 917711                     /usr/local/share/OpenCV/java/libopencv_java310.so
7f0acfee0000-7f0acff0e000 r--p 02a28000 08:05 917711                     /usr/local/share/OpenCV/java/libopencv_java310.so
7f0acff0e000-7f0acff60000 rw-p 02a56000 08:05 917711                     /usr/local/share/OpenCV/java/libopencv_java310.so
7f0acff60000-7f0ad0000000 rw-p 00000000 00:00 0 
7f0ad0000000-7f0ad0021000 rw-p 00000000 00:00 0 
7f0ad0021000-7f0ad4000000 ---p 00000000 00:00 0 
7f0ad4000000-7f0ad4021000 rw-p 00000000 00:00 0 
7f0ad4021000-7f0ad8000000 ---p 00000000 00:00 0 
7f0ad8000000-7f0ad8021000 rw-p 00000000 00:00 0 
7f0ad8021000-7f0adc000000 ---p 00000000 00:00 0 
7f0adc000000-7f0adc021000 rw-p 00000000 00:00 0 
7f0adc021000-7f0ae0000000 ---p 00000000 00:00 0 
7f0ae0000000-7f0ae00ca000 rw-p 00000000 00:00 0 
7f0ae00ca000-7f0ae4000000 ---p 00000000 00:00 0 
7f0ae4000000-7f0ae4567000 rw-p 00000000 00:00 0 
7f0ae4567000-7f0ae8000000 ---p 00000000 00:00 0 
7f0ae8000000-7f0ae8021000 rw-p 00000000 00:00 0 
7f0ae8021000-7f0aec000000 ---p 00000000 00:00 0 
7f0aec000000-7f0aec1e9000 rw-p 00000000 00:00 0 
7f0aec1e9000-7f0af0000000 ---p 00000000 00:00 0 
7f0af0000000-7f0af0021000 rw-p 00000000 00:00 0 
7f0af0021000-7f0af4000000 ---p 00000000 00:00 0 
7f0af4000000-7f0af4021000 rw-p 00000000 00:00 0 
7f0af4021000-7f0af8000000 ---p 00000000 00:00 0 
7f0af8000000-7f0af8021000 rw-p 00000000 00:00 0 
7f0af8021000-7f0afc000000 ---p 00000000 00:00 0 
7f0afc000000-7f0afc0f3000 rw-p 00000000 00:00 0 
7f0afc0f3000-7f0b00000000 ---p 00000000 00:00 0 
7f0b00000000-7f0b00021000 rw-p 00000000 00:00 0 
7f0b00021000-7f0b04000000 ---p 00000000 00:00 0 
7f0b0409a000-7f0b0409d000 ---p 00000000 00:00 0 
7f0b0409d000-7f0b0419b000 rwxp 00000000 00:00 0 
7f0b0419b000-7f0b042a9000 r-xp 00000000 08:05 5769746                    /usr/lib/x86_64-linux-gnu/libavformat.so.54.20.4
7f0b042a9000-7f0b044a8000 ---p 0010e000 08:05 5769746                    /usr/lib/x86_64-linux-gnu/libavformat.so.54.20.4
7f0b044a8000-7f0b044b0000 r--p 0010d000 08:05 5769746                    /usr/lib/x86_64-linux-gnu/libavformat.so.54.20.4
7f0b044b0000-7f0b044bd000 rw-p 00115000 08:05 5769746                    /usr/lib/x86_64-linux-gnu/libavformat.so.54.20.4
7f0b044bd000-7f0b044ef000 r-xp 00000000 08:05 5779572                    /usr/lib/x86_64-linux-gnu/libdc1394.so.22.1.8
7f0b044ef000-7f0b046ef000 ---p 00032000 08:05 5779572                    /usr/lib/x86_64-linux-gnu/libdc1394.so.22.1.8
7f0b046ef000-7f0b046f0000 r--p 00032000 08:05 5779572                    /usr/lib/x86_64-linux-gnu/libdc1394.so.22.1.8
7f0b046f0000-7f0b046f1000 rw-p 00033000 08:05 5779572                    /usr/lib/x86_64-linux-gnu/libdc1394.so.22.1.8
7f0b046f1000-7f0b04731000 rw-p 00000000 00:00 0 
7f0b04731000-7f0b04837000 r-xp 00000000 08:05 266422                     /lib/x86_64-linux-gnu/libglib-2.0.so.0.4002.0
7f0b04837000-7f0b04a36000 ---p 00106000 08:05 266422                     /lib/x86_64-linux-gnu/libglib-2.0.so.0.4002.0
7f0b04a36000-7f0b04a37000 r--p 00105000 08:05 266422                     /lib/x86_64-linux-gnu/libglib-2.0.so.0.4002.0
7f0b04a37000-7f0b04a38000 rw-p 00106000 08:05 266422                     /lib/x86_64-linux-gnu/libglib-2.0.so.0.4002.0
7f0b04a38000-7f0b04a39000 rw-p 00000000 00:00 0 
7f0b04a39000-7f0b04a88000 r-xp 00000000 08:05 5775784                    /usr/lib/x86_64-linux-gnu/libgobject-2.0.so.0.4002.0
7f0b04a88000-7f0b04c88000 ---p 0004f000 08:05 5775784                    /usr/lib/x86_64-linux-gnu/libgobject-2.0.so.0.4002.0
7f0b04c88000-7f0b04c89000 r--p 0004f000 08:05 5775784                    /usr/lib/x86_64-linux-gnu/libgobject-2.0.so.0.4002.0
7f0b04c89000-7f0b04c8a000 rw-p 00050000 08:05 5775784                    /usr/lib/x86_64-linux-gnu/libgobject-2.0.so.0.4002.0
7f0b04c8a000-7f0b04d90000 r-xp 00000000 08:05 5775504                    /usr/lib/x86_64-linux-gnu/libcairo.so.2.11301.0
7f0b04d90000-7f0b04f8f000 ---p 00106000 08:05 5775504                    /usr/lib/x86_64-linux-gnu/libcairo.so.2.11301.0
7f0b04f8f000-7f0b04f92000 r--p 00105000 08:05 5775504                    /usr/lib/x86_64-linux-gnu/libcairo.so.2.11301.0
7f0b04f92000-7f0b04f93000 rw-p 00108000 08:05 5775504                    /usr/lib/x86_64-linux-gnu/libcairo.so.2.11301.0
7f0b04f93000-7f0b04f95000 rw-p 00000000 00:00 0 
7f0b04f95000-7f0b04fb5000 r-xp 00000000 08:05 5770993                    /usr/lib/x86_64-linux-gnu/libgdk_pixbuf-2.0.so.0.3000.7
7f0b04fb5000-7f0b051b4000 ---p 00020000 08:05 5770993                    /usr/lib/x86_64-linux-gnu/libgdk_pixbuf-2.0.so.0.3000.7
7f0b051b4000-7f0b051b5000 r--p 0001f000 08:05 5770993                    /usr/lib/x86_64-linux-gnu/libgdk_pixbuf-2.0.so.0.3000.7
7f0b051b5000-7f0b051b6000 rw-p 00020000 08:05 5770993                    /usr/lib/x86_64-linux-gnu/libgdk_pixbuf-2.0.so.0.3000.7
7f0b051b6000-7f0b05263000 r-xp 00000000 08:05 5771002                    /usr/lib/x86_64-linux-gnu/libgdk-x11-2.0.so.0.2400.23
7f0b05263000-7f0b05463000 ---p 000ad000 08:05 5771002                    /usr/lib/x86_64-linux-gnu/libgdk-x11-2.0.so.0.2400.23
7f0b05463000-7f0b05467000 r--p 000ad000 08:05 5771002                    /usr/lib/x86_64-linux-gnu/libgdk-x11-2.0.so.0.2400.23
7f0b05467000-7f0b05469000 rw-p 000b1000 08:05 5771002                    /usr/lib/x86_64-linux-gnu/libgdk-x11-2.0.so.0.2400.23
7f0b05469000-7f0b05899000 r-xp 00000000 08:05 5771003                    /usr/lib/x86_64-linux-gnu/libgtk-x11-2.0.so.0.2400.23
7f0b05899000-7f0b05a98000 ---p 00430000 08:05 5771003                    /usr/lib/x86_64-linux-gnu/libgtk-x11-2.0.so.0.2400.23
7f0b05a98000-7f0b05a9f000 r--p 0042f000 08:05 5771003                    /usr/lib/x86_64-linux-gnu/libgtk-x11-2.0.so.0.2400.23
7f0b05a9f000-7f0b05aa3000 rw-p 00436000 08:05 5771003                    /usr/lib/x86_64-linux-gnu/libgtk-x11-2.0.so.0.2400.23
7f0b05aa3000-7f0b05aa6000 rw-p 00000000 00:00 0 
7f0b05aa6000-7f0b05abe000 r-xp 00000000 08:05 266554                     /lib/x86_64-linux-gnu/libz.so.1.2.8
7f0b05abe000-7f0b05cbd000 ---p 00018000 08:05 266554                     /lib/x86_64-linux-gnu/libz.so.1.2.8
7f0b05cbd000-7f0b05cbe000 r--p 00017000 08:05 266554                     /lib/x86_64-linux-gnu/libz.so.1.2.8
7f0b05cbe000-7f0b05cbf000 rw-p 00018000 08:05 266554                     /lib/x86_64-linux-gnu/libz.so.1.2.8
7f0b05cbf000-7f0b05d0b000 r-xp 00000000 08:05 5770996                    /usr/lib/x86_64-linux-gnu/libjasper.so.1.0.0
7f0b05d0b000-7f0b05f0a000 ---p 0004c000 08:05 5770996                    /usr/lib/x86_64-linux-gnu/libjasper.so.1.0.0
7f0b05f0a000-7f0b05f0b000 r--p 0004b000 08:05 5770996                    /usr/lib/x86_64-linux-gnu/libjasper.so.1.0.0
7f0b05f0b000-7f0b05f0f000 rw-p 0004c000 08:05 5770996                    /usr/lib/x86_64-linux-gnu/libjasper.so.1.0.0
7f0b05f0f000-7f0b05f16000 rw-p 00000000 00:00 0 
7f0b05f16000-7f0b05f84000 r-xp 00000000 08:05 5770929                    /usr/lib/x86_64-linux-gnu/libtiff.so.5.2.0
7f0b05f84000-7f0b06184000 ---p 0006e000 08:05 5770929                    /usr/lib/x86_64-linux-gnu/libtiff.so.5.2.0
7f0b06184000-7f0b06185000 r--p 0006e000 08:05 5770929                    /usr/lib/x86_64-linux-gnu/libtiff.so.5.2.0
7f0b06185000-7f0b06188000 rw-p 0006f000 08:05 5770929                    /usr/lib/x86_64-linux-gnu/libtiff.so.5.2.0
7f0b06188000-7f0b061ad000 r-xp 00000000 08:05 266469                     /lib/x86_64-linux-gnu/libpng12.so.0.50.0
7f0b061ad000-7f0b063ac000 ---p 00025000 08:05 266469                     /lib/x86_64-linux-gnu/libpng12.so.0.50.0
7f0b063ac000-7f0b063ad000 r--p 00024000 08:05 266469                     /lib/x86_64-linux-gnu/libpng12.so.0.50.0
7f0b063ad000-7f0b063ae000 rw-p 00025000 08:05 266469                     /lib/x86_64-linux-gnu/libpng12.so.0.50.0
7f0b063ae000-7f0b063f1000 r-xp 00000000 08:05 5775973                    /usr/lib/x86_64-linux-gnu/libjpeg.so.8.0.2
7f0b063f1000-7f0b065f1000 ---p 00043000 08:05 5775973                    /usr/lib/x86_64-linux-gnu/libjpeg.so.8.0.2
7f0b065f1000-7f0b065f2000 r--p 00043000 08:05 5775973                    /usr/lib/x86_64-linux-gnu/libjpeg.so.8.0.2
7f0b065f2000-7f0b065f3000 rw-p 00044000 08:05 5775973                    /usr/lib/x86_64-linux-gnu/libjpeg.so.8.0.2
7f0b065f3000-7f0b06603000 rw-p 00000000 00:00 0 
7f0b06603000-7f0b066e9000 r-xp 00000000 08:05 5767763                    /usr/lib/x86_64-linux-gnu/libstdc++.so.6.0.19
7f0b066e9000-7f0b068e8000 ---p 000e6000 08:05 5767763                    /usr/lib/x86_64-linux-gnu/libstdc++.so.6.0.19
7f0b068e8000-7f0b068f0000 r--p 000e5000 08:05 5767763                    /usr/lib/x86_64-linux-gnu/libstdc++.so.6.0.19
7f0b068f0000-7f0b068f2000 rw-p 000ed000 08:05 5767763                    /usr/lib/x86_64-linux-gnu/libstdc++.so.6.0.19
7f0b068f2000-7f0b06907000 rw-p 00000000 00:00 0 
7f0b0690c000-7f0b0690f000 ---p 00000000 00:00 0 
7f0b0690f000-7f0b06a0d000 rwxp 00000000 00:00 0 
7f0b06a0d000-7f0b06a10000 ---p 00000000 00:00 0 
7f0b06a10000-7f0b06b0e000 rwxp 00000000 00:00 0 
7f0b06b0e000-7f0b06b1f000 r-xp 00000000 08:05 6561191                    /usr/lib/jvm/java-8-oracle/jre/lib/amd64/libnio.so
7f0b06b1f000-7f0b06d1e000 ---p 00011000 08:05 6561191                    /usr/lib/jvm/java-8-oracle/jre/lib/amd64/libnio.so
7f0b06d1e000-7f0b06d1f000 rw-p 00010000 08:05 6561191                    /usr/lib/jvm/java-8-oracle/jre/lib/amd64/libnio.so
7f0b06d1f000-7f0b06d35000 r-xp 00000000 08:05 6561187                    /usr/lib/jvm/java-8-oracle/jre/lib/amd64/libnet.so
7f0b06d35000-7f0b06f35000 ---p 00016000 08:05 6561187                    /usr/lib/jvm/java-8-oracle/jre/lib/amd64/libnet.so
7f0b06f35000-7f0b06f36000 rw-p 00016000 08:05 6561187                    /usr/lib/jvm/java-8-oracle/jre/lib/amd64/libnet.so
7f0b06f36000-7f0b06f39000 ---p 00000000 00:00 0 
7f0b06f39000-7f0b07037000 rwxp 00000000 00:00 0 
7f0b07037000-7f0b0703c000 r-xp 00000000 08:05 5775388                    /usr/lib/x86_64-linux-gnu/libXfixes.so.3.1.0
7f0b0703c000-7f0b0723b000 ---p 00005000 08:05 5775388                    /usr/lib/x86_64-linux-gnu/libXfixes.so.3.1.0
7f0b0723b000-7f0b0723c000 r--p 00004000 08:05 5775388                    /usr/lib/x86_64-linux-gnu/libXfixes.so.3.1.0
7f0b0723c000-7f0b0723d000 rw-p 00005000 08:05 5775388                    /usr/lib/x86_64-linux-gnu/libXfixes.so.3.1.0
7f0b0723d000-7f0b07246000 r-xp 00000000 08:05 5775380                    /usr/lib/x86_64-linux-gnu/libXcursor.so.1.0.2
7f0b07246000-7f0b07445000 ---p 00009000 08:05 5775380                    /usr/lib/x86_64-linux-gnu/libXcursor.so.1.0.2
7f0b07445000-7f0b07446000 r--p 00008000 08:05 5775380                    /usr/lib/x86_64-linux-gnu/libXcursor.so.1.0.2
7f0b07446000-7f0b07447000 rw-p 00009000 08:05 5775380                    /usr/lib/x86_64-linux-gnu/libXcursor.so.1.0.2
7f0b07447000-7f0b0744a000 ---p 00000000 00:00 0 
7f0b0744a000-7f0b07548000 rwxp 00000000 00:00 0 
7f0b07548000-7f0b0755e000 r-xp 00000000 08:05 266368                     /lib/x86_64-linux-gnu/libgcc_s.so.1
7f0b0755e000-7f0b0775d000 ---p 00016000 08:05 266368                     /lib/x86_64-linux-gnu/libgcc_s.so.1
7f0b0775d000-7f0b0775e000 rw-p 00015000 08:05 266368                     /lib/x86_64-linux-gnu/libgcc_s.so.1
7f0b0775e000-7f0b077c3000 r-xp 00000000 08:05 6561179                    /usr/lib/jvm/java-8-oracle/jre/lib/amd64/libfontmanager.so
7f0b077c3000-7f0b079c2000 ---p 00065000 08:05 6561179                    /usr/lib/jvm/java-8-oracle/jre/lib/amd64/libfontmanager.so
7f0b079c2000-7f0b079c7000 rw-p 00064000 08:05 6561179                    /usr/lib/jvm/java-8-oracle/jre/lib/amd64/libfontmanager.so
7f0b079c7000-7f0b079d7000 rw-p 00000000 00:00 0 
7f0b079d7000-7f0b079dc000 r-xp 00000000 08:05 5775384                    /usr/lib/x86_64-linux-gnu/libXdmcp.so.6.0.0
7f0b079dc000-7f0b07bdb000 ---p 00005000 08:05 5775384                    /usr/lib/x86_64-linux-gnu/libXdmcp.so.6.0.0
7f0b07bdb000-7f0b07bdc000 r--p 00004000 08:05 5775384                    /usr/lib/x86_64-linux-gnu/libXdmcp.so.6.0.0
7f0b07bdc000-7f0b07bdd000 rw-p 00005000 08:05 5775384                    /usr/lib/x86_64-linux-gnu/libXdmcp.so.6.0.0
7f0b07bdd000-7f0b07bdf000 r-xp 00000000 08:05 5775373                    /usr/lib/x86_64-linux-gnu/libXau.so.6.0.0
7f0b07bdf000-7f0b07ddf000 ---p 00002000 08:05 5775373                    /usr/lib/x86_64-linux-gnu/libXau.so.6.0.0
7f0b07ddf000-7f0b07de0000 r--p 00002000 08:05 5775373                    /usr/lib/x86_64-linux-gnu/libXau.so.6.0.0
7f0b07de0000-7f0b07de1000 rw-p 00003000 08:05 5775373                    /usr/lib/x86_64-linux-gnu/libXau.so.6.0.0
7f0b07de1000-7f0b07dfe000 r-xp 00000000 08:05 5776439                    /usr/lib/x86_64-linux-gnu/libxcb.so.1.1.0
7f0b07dfe000-7f0b07ffe000 ---p 0001d000 08:05 5776439                    /usr/lib/x86_64-linux-gnu/libxcb.so.1.1.0
7f0b07ffe000-7f0b07fff000 r--p 0001d000 08:05 5776439                    /usr/lib/x86_64-linux-gnu/libxcb.so.1.1.0
7f0b07fff000-7f0b08000000 rw-p 0001e000 08:05 5776439                    /usr/lib/x86_64-linux-gnu/libxcb.so.1.1.0
7f0b08000000-7f0b08021000 rw-p 00000000 00:00 0 
7f0b08021000-7f0b0c000000 ---p 00000000 00:00 0 
7f0b0c0ad000-7f0b0c0bc000 r-xp 00000000 08:05 5775394                    /usr/lib/x86_64-linux-gnu/libXi.so.6.1.0
7f0b0c0bc000-7f0b0c2bb000 ---p 0000f000 08:05 5775394                    /usr/lib/x86_64-linux-gnu/libXi.so.6.1.0
7f0b0c2bb000-7f0b0c2bc000 r--p 0000e000 08:05 5775394                    /usr/lib/x86_64-linux-gnu/libXi.so.6.1.0
7f0b0c2bc000-7f0b0c2bd000 rw-p 0000f000 08:05 5775394                    /usr/lib/x86_64-linux-gnu/libXi.so.6.1.0
7f0b0c2bd000-7f0b0c2c2000 r-xp 00000000 08:05 5775414                    /usr/lib/x86_64-linux-gnu/libXtst.so.6.1.0
7f0b0c2c2000-7f0b0c4c1000 ---p 00005000 08:05 5775414                    /usr/lib/x86_64-linux-gnu/libXtst.so.6.1.0
7f0b0c4c1000-7f0b0c4c2000 r--p 00004000 08:05 5775414                    /usr/lib/x86_64-linux-gnu/libXtst.so.6.1.0
7f0b0c4c2000-7f0b0c4c3000 rw-p 00005000 08:05 5775414                    /usr/lib/x86_64-linux-gnu/libXtst.so.6.1.0
7f0b0c4c3000-7f0b0c4cc000 r-xp 00000000 08:05 5775408                    /usr/lib/x86_64-linux-gnu/libXrender.so.1.3.0
7f0b0c4cc000-7f0b0c6cb000 ---p 00009000 08:05 5775408                    /usr/lib/x86_64-linux-gnu/libXrender.so.1.3.0
7f0b0c6cb000-7f0b0c6cc000 r--p 00008000 08:05 5775408                    /usr/lib/x86_64-linux-gnu/libXrender.so.1.3.0
7f0b0c6cc000-7f0b0c6cd000 rw-p 00009000 08:05 5775408                    /usr/lib/x86_64-linux-gnu/libXrender.so.1.3.0
7f0b0c6cd000-7f0b0c7fd000 r-xp 00000000 08:05 5775369                    /usr/lib/x86_64-linux-gnu/libX11.so.6.3.0
7f0b0c7fd000-7f0b0c9fd000 ---p 00130000 08:05 5775369                    /usr/lib/x86_64-linux-gnu/libX11.so.6.3.0
7f0b0c9fd000-7f0b0c9fe000 r--p 00130000 08:05 5775369                    /usr/lib/x86_64-linux-gnu/libX11.so.6.3.0
7f0b0c9fe000-7f0b0ca02000 rw-p 00131000 08:05 5775369                    /usr/lib/x86_64-linux-gnu/libX11.so.6.3.0
7f0b0ca02000-7f0b0ca13000 r-xp 00000000 08:05 5775386                    /usr/lib/x86_64-linux-gnu/libXext.so.6.4.0
7f0b0ca13000-7f0b0cc12000 ---p 00011000 08:05 5775386                    /usr/lib/x86_64-linux-gnu/libXext.so.6.4.0
7f0b0cc12000-7f0b0cc13000 r--p 00010000 08:05 5775386                    /usr/lib/x86_64-linux-gnu/libXext.so.6.4.0
7f0b0cc13000-7f0b0cc14000 rw-p 00011000 08:05 5775386                    /usr/lib/x86_64-linux-gnu/libXext.so.6.4.0
7f0b0cc14000-7f0b0cc68000 r-xp 00000000 08:05 6561215                    /usr/lib/jvm/java-8-oracle/jre/lib/amd64/libawt_xawt.so
7f0b0cc68000-7f0b0ce68000 ---p 00054000 08:05 6561215                    /usr/lib/jvm/java-8-oracle/jre/lib/amd64/libawt_xawt.so
7f0b0ce68000-7f0b0ce6c000 rw-p 00054000 08:05 6561215                    /usr/lib/jvm/java-8-oracle/jre/lib/amd64/libawt_xawt.so
7f0b0ce6c000-7f0b0ce6d000 rw-p 00000000 00:00 0 
7f0b0ce6d000-7f0b0cf0f000 r-xp 00000000 08:05 6561188                    /usr/lib/jvm/java-8-oracle/jre/lib/amd64/libawt.so
7f0b0cf0f000-7f0b0d10f000 ---p 000a2000 08:05 6561188                    /usr/lib/jvm/java-8-oracle/jre/lib/amd64/libawt.so
7f0b0d10f000-7f0b0d11b000 rw-p 000a2000 08:05 6561188                    /usr/lib/jvm/java-8-oracle/jre/lib/amd64/libawt.so
7f0b0d11b000-7f0b0d13f000 rw-p 00000000 00:00 0 
7f0b0d13f000-7f0b0d140000 ---p 00000000 00:00 0 
7f0b0d140000-7f0b0d240000 rwxp 00000000 00:00 0 
7f0b0d240000-7f0b10000000 rw-p 00000000 00:00 0 
7f0b10000000-7f0b10021000 rw-p 00000000 00:00 0 
7f0b10021000-7f0b14000000 ---p 00000000 00:00 0 
7f0b14014000-7f0b14017000 ---p 00000000 00:00 0 
7f0b14017000-7f0b14115000 rwxp 00000000 00:00 0 
7f0b14115000-7f0b14118000 ---p 00000000 00:00 0 
7f0b14118000-7f0b14216000 rwxp 00000000 00:00 0 
7f0b14216000-7f0b14219000 ---p 00000000 00:00 0 
7f0b14219000-7f0b14317000 rwxp 00000000 00:00 0 
7f0b14317000-7f0b1431a000 ---p 00000000 00:00 0 
7f0b1431a000-7f0b14418000 rwxp 00000000 00:00 0 
7f0b14418000-7f0b1441b000 ---p 00000000 00:00 0 
7f0b1441b000-7f0b14519000 rwxp 00000000 00:00 0 
7f0b14519000-7f0b14bfc000 r--p 00000000 08:05 5774343                    /usr/lib/locale/locale-archive
7f0b14bfc000-7f0b14bff000 ---p 00000000 00:00 0 
7f0b14bff000-7f0b14cfd000 rwxp 00000000 00:00 0 
7f0b14cfd000-7f0b14d00000 ---p 00000000 00:00 0 
7f0b14d00000-7f0b14dfe000 rwxp 00000000 00:00 0 
7f0b14dfe000-7f0b14dff000 ---p 00000000 00:00 0 
7f0b14dff000-7f0b14eff000 rwxp 00000000 00:00 0 
7f0b14eff000-7f0b15000000 rw-p 00000000 00:00 0 
7f0b15000000-7f0b153b0000 rwxp 00000000 00:00 0 
7f0b153b0000-7f0b24000000 ---p 00000000 00:00 0 
7f0b24000000-7f0b2454a000 rw-p 00000000 00:00 0 
7f0b2454a000-7f0b28000000 ---p 00000000 00:00 0 
7f0b28023000-7f0b2802a000 r--s 00000000 08:05 6033416                    /usr/lib/x86_64-linux-gnu/gconv/gconv-modules.cache
7f0b28040000-7f0b28041000 rw-p 00000000 00:00 0 
7f0b28041000-7f0b28045000 r--s 00097000 08:05 5908102                    /usr/lib/jvm/java-8-oracle/jre/lib/jsse.jar
7f0b28045000-7f0b28046000 r--s 00000000 08:05 4980831                    /var/cache/fontconfig/c05880de57d1f5e948fdfacc138775d9-le64.cache-4
7f0b28046000-7f0b28051000 r--s 00000000 08:05 4980825                    /var/cache/fontconfig/945677eb7aeaf62f1d50efc3fb3ec7d8-le64.cache-4
7f0b28051000-7f0b28057000 r--s 00000000 08:05 4980811                    /var/cache/fontconfig/2cd17615ca594fa2959ae173292e504c-le64.cache-4
7f0b28057000-7f0b28058000 r--s 00000000 08:05 4980841                    /var/cache/fontconfig/e7071f4a29fa870f4323321c154eba04-le64.cache-4
7f0b28058000-7f0b28059000 r--s 00000000 08:05 4980808                    /var/cache/fontconfig/0d8c3b2ac0904cb8a57a757ad11a4a08-le64.cache-4
7f0b28059000-7f0b28060000 r--s 00000000 08:05 4980828                    /var/cache/fontconfig/a755afe4a08bf5b97852ceb7400b47bc-le64.cache-4
7f0b28060000-7f0b28074000 r--s 00000000 08:05 4980806                    /var/cache/fontconfig/04aabc0a78ac019cf9454389977116d2-le64.cache-4
7f0b28074000-7f0b28075000 r--s 00000000 08:05 4980810                    /var/cache/fontconfig/1ac9eb803944fde146138c791f5cc56a-le64.cache-4
7f0b28075000-7f0b28079000 r--s 00000000 08:05 4980814                    /var/cache/fontconfig/385c0604a188198f04d133e54aba7fe7-le64.cache-4
7f0b28079000-7f0b2807a000 r--s 00000000 08:05 4980838                    /var/cache/fontconfig/dc05db6664285cc2f12bf69c139ae4c3-le64.cache-4
7f0b2807a000-7f0b2807c000 r--s 00000000 08:05 4980822                    /var/cache/fontconfig/767a8244fc0220cfb567a839d0392e0b-le64.cache-4
7f0b2807c000-7f0b28081000 r--s 00000000 08:05 4980824                    /var/cache/fontconfig/8801497958630a81b71ace7c5f9b32a8-le64.cache-4
7f0b28081000-7f0b28088000 r--s 00000000 08:05 4980812                    /var/cache/fontconfig/3047814df9a2f067bd2d96a2b9c36e5a-le64.cache-4
7f0b28088000-7f0b2809b000 r--s 00000000 08:05 4980835                    /var/cache/fontconfig/d52a8644073d54c13679302ca1180695-le64.cache-4
7f0b2809b000-7f0b28fad000 rw-p 00000000 00:00 0 
7f0b28fad000-7f0b29186000 r--s 03d1f000 08:05 5908101                    /usr/lib/jvm/java-8-oracle/jre/lib/rt.jar
7f0b29186000-7f0b29cd8000 rw-p 00000000 00:00 0 
7f0b29cd8000-7f0b29cd9000 ---p 00000000 00:00 0 
7f0b29cd9000-7f0b29dd9000 rwxp 00000000 00:00 0 
7f0b29dd9000-7f0b29dda000 ---p 00000000 00:00 0 
7f0b29dda000-7f0b29eda000 rwxp 00000000 00:00 0 
7f0b29eda000-7f0b29edb000 ---p 00000000 00:00 0 
7f0b29edb000-7f0b29fdb000 rwxp 00000000 00:00 0 
7f0b29fdb000-7f0b29fdc000 ---p 00000000 00:00 0 
7f0b29fdc000-7f0b2a0dc000 rwxp 00000000 00:00 0 
7f0b2a0dc000-7f0b2a0fb000 rw-p 00000000 00:00 0 
7f0b2a0fb000-7f0b2a2c4000 ---p 00000000 00:00 0 
7f0b2a2c4000-7f0b2a2e3000 rw-p 00000000 00:00 0 
7f0b2a2e3000-7f0b2a4ac000 ---p 00000000 00:00 0 
7f0b2a4ac000-7f0b2a502000 rw-p 00000000 00:00 0 
7f0b2a502000-7f0b2a5a0000 ---p 00000000 00:00 0 
7f0b2a5a0000-7f0b2a5b0000 rw-p 00000000 00:00 0 
7f0b2a5b0000-7f0b2a961000 ---p 00000000 00:00 0 
7f0b2a961000-7f0b2a97b000 r-xp 00000000 08:05 6561214                    /usr/lib/jvm/java-8-oracle/jre/lib/amd64/libzip.so
7f0b2a97b000-7f0b2ab7b000 ---p 0001a000 08:05 6561214                    /usr/lib/jvm/java-8-oracle/jre/lib/amd64/libzip.so
7f0b2ab7b000-7f0b2ab7c000 rw-p 0001a000 08:05 6561214                    /usr/lib/jvm/java-8-oracle/jre/lib/amd64/libzip.so
7f0b2ab7c000-7f0b2ab86000 r-xp 00000000 08:05 263292                     /lib/x86_64-linux-gnu/libnss_files-2.19.so
7f0b2ab86000-7f0b2ad85000 ---p 0000a000 08:05 263292                     /lib/x86_64-linux-gnu/libnss_files-2.19.so
7f0b2ad85000-7f0b2ad86000 r--p 00009000 08:05 263292                     /lib/x86_64-linux-gnu/libnss_files-2.19.so
7f0b2ad86000-7f0b2ad87000 rw-p 0000a000 08:05 263292                     /lib/x86_64-linux-gnu/libnss_files-2.19.so
7f0b2ad87000-7f0b2ad92000 r-xp 00000000 08:05 262246                     /lib/x86_64-linux-gnu/libnss_nis-2.19.so
7f0b2ad92000-7f0b2af91000 ---p 0000b000 08:05 262246                     /lib/x86_64-linux-gnu/libnss_nis-2.19.so
7f0b2af91000-7f0b2af92000 r--p 0000a000 08:05 262246                     /lib/x86_64-linux-gnu/libnss_nis-2.19.so
7f0b2af92000-7f0b2af93000 rw-p 0000b000 08:05 262246                     /lib/x86_64-linux-gnu/libnss_nis-2.19.so
7f0b2af93000-7f0b2afaa000 r-xp 00000000 08:05 262239                     /lib/x86_64-linux-gnu/libnsl-2.19.so
7f0b2afaa000-7f0b2b1a9000 ---p 00017000 08:05 262239                     /lib/x86_64-linux-gnu/libnsl-2.19.so
7f0b2b1a9000-7f0b2b1aa000 r--p 00016000 08:05 262239                     /lib/x86_64-linux-gnu/libnsl-2.19.so
7f0b2b1aa000-7f0b2b1ab000 rw-p 00017000 08:05 262239                     /lib/x86_64-linux-gnu/libnsl-2.19.so
7f0b2b1ab000-7f0b2b1ad000 rw-p 00000000 00:00 0 
7f0b2b1ad000-7f0b2b1b6000 r-xp 00000000 08:05 262237                     /lib/x86_64-linux-gnu/libnss_compat-2.19.so
7f0b2b1b6000-7f0b2b3b5000 ---p 00009000 08:05 262237                     /lib/x86_64-linux-gnu/libnss_compat-2.19.so
7f0b2b3b5000-7f0b2b3b6000 r--p 00008000 08:05 262237                     /lib/x86_64-linux-gnu/libnss_compat-2.19.so
7f0b2b3b6000-7f0b2b3b7000 rw-p 00009000 08:05 262237                     /lib/x86_64-linux-gnu/libnss_compat-2.19.so
7f0b2b3b7000-7f0b2b3e1000 r-xp 00000000 08:05 6561182                    /usr/lib/jvm/java-8-oracle/jre/lib/amd64/libjava.so
7f0b2b3e1000-7f0b2b5e1000 ---p 0002a000 08:05 6561182                    /usr/lib/jvm/java-8-oracle/jre/lib/amd64/libjava.so
7f0b2b5e1000-7f0b2b5e3000 rw-p 0002a000 08:05 6561182                    /usr/lib/jvm/java-8-oracle/jre/lib/amd64/libjava.so
7f0b2b5e3000-7f0b2b5f0000 r-xp 00000000 08:05 6561229                    /usr/lib/jvm/java-8-oracle/jre/lib/amd64/libverify.so
7f0b2b5f0000-7f0b2b7f0000 ---p 0000d000 08:05 6561229                    /usr/lib/jvm/java-8-oracle/jre/lib/amd64/libverify.so
7f0b2b7f0000-7f0b2b7f2000 rw-p 0000d000 08:05 6561229                    /usr/lib/jvm/java-8-oracle/jre/lib/amd64/libverify.so
7f0b2b7f2000-7f0b2b7f9000 r-xp 00000000 08:05 263284                     /lib/x86_64-linux-gnu/librt-2.19.so
7f0b2b7f9000-7f0b2b9f8000 ---p 00007000 08:05 263284                     /lib/x86_64-linux-gnu/librt-2.19.so
7f0b2b9f8000-7f0b2b9f9000 r--p 00006000 08:05 263284                     /lib/x86_64-linux-gnu/librt-2.19.so
7f0b2b9f9000-7f0b2b9fa000 rw-p 00007000 08:05 263284                     /lib/x86_64-linux-gnu/librt-2.19.so
7f0b2b9fa000-7f0b2baff000 r-xp 00000000 08:05 262173                     /lib/x86_64-linux-gnu/libm-2.19.so
7f0b2baff000-7f0b2bcfe000 ---p 00105000 08:05 262173                     /lib/x86_64-linux-gnu/libm-2.19.so
7f0b2bcfe000-7f0b2bcff000 r--p 00104000 08:05 262173                     /lib/x86_64-linux-gnu/libm-2.19.so
7f0b2bcff000-7f0b2bd00000 rw-p 00105000 08:05 262173                     /lib/x86_64-linux-gnu/libm-2.19.so
7f0b2bd00000-7f0b2c9c0000 r-xp 00000000 08:05 6561196                    /usr/lib/jvm/java-8-oracle/jre/lib/amd64/server/libjvm.so
7f0b2c9c0000-7f0b2cbc0000 ---p 00cc0000 08:05 6561196                    /usr/lib/jvm/java-8-oracle/jre/lib/amd64/server/libjvm.so
7f0b2cbc0000-7f0b2cc98000 rw-p 00cc0000 08:05 6561196                    /usr/lib/jvm/java-8-oracle/jre/lib/amd64/server/libjvm.so
7f0b2cc98000-7f0b2cce3000 rw-p 00000000 00:00 0 
7f0b2cce3000-7f0b2ce9d000 r-xp 00000000 08:05 263286                     /lib/x86_64-linux-gnu/libc-2.19.so
7f0b2ce9d000-7f0b2d09d000 ---p 001ba000 08:05 263286                     /lib/x86_64-linux-gnu/libc-2.19.so
7f0b2d09d000-7f0b2d0a1000 r--p 001ba000 08:05 263286                     /lib/x86_64-linux-gnu/libc-2.19.so
7f0b2d0a1000-7f0b2d0a3000 rw-p 001be000 08:05 263286                     /lib/x86_64-linux-gnu/libc-2.19.so
7f0b2d0a3000-7f0b2d0a8000 rw-p 00000000 00:00 0 
7f0b2d0a8000-7f0b2d0ab000 r-xp 00000000 08:05 262234                     /lib/x86_64-linux-gnu/libdl-2.19.so
7f0b2d0ab000-7f0b2d2aa000 ---p 00003000 08:05 262234                     /lib/x86_64-linux-gnu/libdl-2.19.so
7f0b2d2aa000-7f0b2d2ab000 r--p 00002000 08:05 262234                     /lib/x86_64-linux-gnu/libdl-2.19.so
7f0b2d2ab000-7f0b2d2ac000 rw-p 00003000 08:05 262234                     /lib/x86_64-linux-gnu/libdl-2.19.so
7f0b2d2ac000-7f0b2d2c1000 r-xp 00000000 08:05 6974660                    /usr/lib/jvm/java-8-oracle/lib/amd64/jli/libjli.so
7f0b2d2c1000-7f0b2d4c1000 ---p 00015000 08:05 6974660                    /usr/lib/jvm/java-8-oracle/lib/amd64/jli/libjli.so
7f0b2d4c1000-7f0b2d4c2000 rw-p 00015000 08:05 6974660                    /usr/lib/jvm/java-8-oracle/lib/amd64/jli/libjli.so
7f0b2d4c2000-7f0b2d4db000 r-xp 00000000 08:05 262241                     /lib/x86_64-linux-gnu/libpthread-2.19.so
7f0b2d4db000-7f0b2d6da000 ---p 00019000 08:05 262241                     /lib/x86_64-linux-gnu/libpthread-2.19.so
7f0b2d6da000-7f0b2d6db000 r--p 00018000 08:05 262241                     /lib/x86_64-linux-gnu/libpthread-2.19.so
7f0b2d6db000-7f0b2d6dc000 rw-p 00019000 08:05 262241                     /lib/x86_64-linux-gnu/libpthread-2.19.so
7f0b2d6dc000-7f0b2d6e0000 rw-p 00000000 00:00 0 
7f0b2d6e0000-7f0b2d703000 r-xp 00000000 08:05 262243                     /lib/x86_64-linux-gnu/ld-2.19.so
7f0b2d703000-7f0b2d704000 r--s 00000000 08:05 4983979                    /var/cache/fontconfig/4794a0821666d79190d59a36cb4f44b5-le64.cache-4
7f0b2d704000-7f0b2d70a000 r--s 00000000 08:05 4980829                    /var/cache/fontconfig/b47c4e1ecd0709278f4910c18777a504-le64.cache-4
7f0b2d70a000-7f0b2d713000 r--s 00000000 08:05 4980815                    /var/cache/fontconfig/3f7329c5293ffd510edef78f73874cfd-le64.cache-4
7f0b2d713000-7f0b2d720000 r--s 00000000 08:05 4987548                    /var/cache/fontconfig/e13b20fdb08344e0e664864cc2ede53d-le64.cache-4
7f0b2d720000-7f0b2d7e1000 rw-p 00000000 00:00 0 
7f0b2d7e1000-7f0b2d7e4000 ---p 00000000 00:00 0 
7f0b2d7e4000-7f0b2d8e2000 rwxp 00000000 00:00 0 
7f0b2d8e2000-7f0b2d8e6000 rw-p 00000000 00:00 0 
7f0b2d8e6000-7f0b2d8e7000 r--s 00000000 08:05 4980818                    /var/cache/fontconfig/56cf4f4769d0f4abc89a4895d7bd3ae1-le64.cache-4
7f0b2d8e7000-7f0b2d8e8000 r--s 00000000 08:05 4980830                    /var/cache/fontconfig/b9d506c9ac06c20b433354fa67a72993-le64.cache-4
7f0b2d8e8000-7f0b2d8ec000 r--s 00000000 08:05 4980836                    /var/cache/fontconfig/d589a48862398ed80a3d6066f4f56f4c-le64.cache-4
7f0b2d8ec000-7f0b2d8ed000 r--s 00000000 08:05 4980807                    /var/cache/fontconfig/0c9eb80ebd1c36541ebe2852d3bb0c49-le64.cache-4
7f0b2d8ed000-7f0b2d8f1000 r--s 00000000 08:05 4981955                    /var/cache/fontconfig/7ef2298fde41cc6eeb7af42e48b7d293-le64.cache-4
7f0b2d8f1000-7f0b2d8f6000 r--s 00048000 08:05 917710                     /usr/local/share/OpenCV/java/opencv-310.jar
7f0b2d8f6000-7f0b2d8fe000 rw-s 00000000 08:05 2229715                    /tmp/hsperfdata_erandi/3571
7f0b2d8fe000-7f0b2d8ff000 rw-p 00000000 00:00 0 
7f0b2d8ff000-7f0b2d900000 r--p 00000000 00:00 0 
7f0b2d900000-7f0b2d902000 rw-p 00000000 00:00 0 
7f0b2d902000-7f0b2d903000 r--p 00022000 08:05 262243                     /lib/x86_64-linux-gnu/ld-2.19.so
7f0b2d903000-7f0b2d904000 rw-p 00023000 08:05 262243                     /lib/x86_64-linux-gnu/ld-2.19.so
7f0b2d904000-7f0b2d905000 rw-p 00000000 00:00 0 
7ffc8aa5e000-7ffc8aa7f000 rwxp 00000000 00:00 0                          [stack]
7ffc8abf1000-7ffc8abf3000 r--p 00000000 00:00 0                          [vvar]
7ffc8abf3000-7ffc8abf5000 r-xp 00000000 00:00 0                          [vdso]
ffffffffff600000-ffffffffff601000 r-xp 00000000 00:00 0                  [vsyscall]

VM Arguments:
jvm_args: -Dfile.encoding=UTF-8 -Djava.library.path=/usr/local/share/OpenCV/java 
java_command: RecorderInterace
java_class_path (initial): /usr/local/share/OpenCV/java/opencv-310.jar:/home/erandi/NetBeansProjects/WebCamRecorder/build/classes
Launcher Type: SUN_STANDARD

Environment Variables:
JAVA_HOME=/usr/lib/jvm/java-8-oracle
PATH=/usr/local/sbin:/usr/local/bin:/usr/sbin:/usr/bin:/sbin:/bin:/usr/games:/usr/local/games:/usr/lib/jvm/java-8-oracle/bin:/usr/lib/jvm/java-8-oracle/db/bin:/usr/lib/jvm/java-8-oracle/jre/bin
LD_LIBRARY_PATH=/usr/lib/jvm/java-8-oracle/jre/lib/amd64:/usr/lib/jvm/java-8-oracle/jre/lib/i386:
SHELL=/bin/bash
DISPLAY=:0

Signal Handlers:
SIGSEGV: [libjvm.so+0xabca10], sa_mask[0]=11111111011111111101111111111110, sa_flags=SA_RESTART|SA_SIGINFO
SIGBUS: [libjvm.so+0xabca10], sa_mask[0]=11111111011111111101111111111110, sa_flags=SA_RESTART|SA_SIGINFO
SIGFPE: [libjvm.so+0x919a20], sa_mask[0]=11111111011111111101111111111110, sa_flags=SA_RESTART|SA_SIGINFO
SIGPIPE: [libjvm.so+0x919a20], sa_mask[0]=11111111011111111101111111111110, sa_flags=SA_RESTART|SA_SIGINFO
SIGXFSZ: [libjvm.so+0x919a20], sa_mask[0]=11111111011111111101111111111110, sa_flags=SA_RESTART|SA_SIGINFO
SIGILL: [libjvm.so+0x919a20], sa_mask[0]=11111111011111111101111111111110, sa_flags=SA_RESTART|SA_SIGINFO
SIGUSR1: SIG_DFL, sa_mask[0]=00000000000000000000000000000000, sa_flags=none
SIGUSR2: [libjvm.so+0x91b050], sa_mask[0]=00100000000000000000000000000000, sa_flags=SA_RESTART|SA_SIGINFO
SIGHUP: [libjvm.so+0x91c450], sa_mask[0]=11111111011111111101111111111110, sa_flags=SA_RESTART|SA_SIGINFO
SIGINT: SIG_IGN, sa_mask[0]=00000000000000000000000000000000, sa_flags=none
SIGTERM: [libjvm.so+0x91c450], sa_mask[0]=11111111011111111101111111111110, sa_flags=SA_RESTART|SA_SIGINFO
SIGQUIT: [libjvm.so+0x91c450], sa_mask[0]=11111111011111111101111111111110, sa_flags=SA_RESTART|SA_SIGINFO


---------------  S Y S T E M  ---------------

OS:DISTRIB_ID=Ubuntu
DISTRIB_RELEASE=14.04
DISTRIB_CODENAME=trusty
DISTRIB_DESCRIPTION="Ubuntu 14.04.4 LTS"

uname:Linux 3.19.0-59-generic #66~14.04.1-Ubuntu SMP Fri May 13 17:27:10 UTC 2016 x86_64
libc:glibc 2.19 NPTL 2.19 
rlimit: STACK 8192k, CORE 0k, NPROC 23338, NOFILE 4096, AS infinity
load average:0.37 0.31 0.29

/proc/meminfo:
MemTotal:        5996148 kB
MemFree:         3087660 kB
MemAvailable:    3871360 kB
Buffers:          107648 kB
Cached:          1075792 kB
SwapCached:            0 kB
Active:          1928364 kB
Inactive:         805044 kB
Active(anon):    1552012 kB
Inactive(anon):   256684 kB
Active(file):     376352 kB
Inactive(file):   548360 kB
Unevictable:          48 kB
Mlocked:              48 kB
SwapTotal:       6161404 kB
SwapFree:        6161404 kB
Dirty:               196 kB
Writeback:             0 kB
AnonPages:       1550092 kB
Mapped:           235384 kB
Shmem:            258716 kB
Slab:              88368 kB
SReclaimable:      55848 kB
SUnreclaim:        32520 kB
KernelStack:        7520 kB
PageTables:        30112 kB
NFS_Unstable:          0 kB
Bounce:                0 kB
WritebackTmp:          0 kB
CommitLimit:     9159476 kB
Committed_AS:    4571468 kB
VmallocTotal:   34359738367 kB
VmallocUsed:      553876 kB
VmallocChunk:   34359096236 kB
HardwareCorrupted:     0 kB
AnonHugePages:   1060864 kB
CmaTotal:              0 kB
CmaFree:               0 kB
HugePages_Total:       0
HugePages_Free:        0
HugePages_Rsvd:        0
HugePages_Surp:        0
Hugepagesize:       2048 kB
DirectMap4k:      124668 kB
DirectMap2M:     6051840 kB


CPU:total 4 (2 cores per cpu, 2 threads per core) family 6 model 58 stepping 9, cmov, cx8, fxsr, mmx, sse, sse2, sse3, ssse3, sse4.1, sse4.2, popcnt, avx, clmul, erms, ht, tsc, tscinvbit, tscinv

/proc/cpuinfo:
processor	: 0
vendor_id	: GenuineIntel
cpu family	: 6
model		: 58
model name	: Intel(R) Core(TM) i3-3217U CPU @ 1.80GHz
stepping	: 9
microcode	: 0x17
cpu MHz		: 1799.718
cache size	: 3072 KB
physical id	: 0
siblings	: 4
core id		: 0
cpu cores	: 2
apicid		: 0
initial apicid	: 0
fpu		: yes
fpu_exception	: yes
cpuid level	: 13
wp		: yes
flags		: fpu vme de pse tsc msr pae mce cx8 apic sep mtrr pge mca cmov pat pse36 clflush dts acpi mmx fxsr sse sse2 ss ht tm pbe syscall nx rdtscp lm constant_tsc arch_perfmon pebs bts rep_good nopl xtopology nonstop_tsc aperfmperf eagerfpu pni pclmulqdq dtes64 monitor ds_cpl vmx est tm2 ssse3 cx16 xtpr pdcm pcid sse4_1 sse4_2 x2apic popcnt tsc_deadline_timer xsave avx f16c lahf_lm ida arat epb pln pts dtherm tpr_shadow vnmi flexpriority ept vpid fsgsbase smep erms xsaveopt
bugs		:
bogomips	: 3591.74
clflush size	: 64
cache_alignment	: 64
address sizes	: 36 bits physical, 48 bits virtual
power management:

processor	: 1
vendor_id	: GenuineIntel
cpu family	: 6
model		: 58
model name	: Intel(R) Core(TM) i3-3217U CPU @ 1.80GHz
stepping	: 9
microcode	: 0x17
cpu MHz		: 1799.718
cache size	: 3072 KB
physical id	: 0
siblings	: 4
core id		: 0
cpu cores	: 2
apicid		: 1
initial apicid	: 1
fpu		: yes
fpu_exception	: yes
cpuid level	: 13
wp		: yes
flags		: fpu vme de pse tsc msr pae mce cx8 apic sep mtrr pge mca cmov pat pse36 clflush dts acpi mmx fxsr sse sse2 ss ht tm pbe syscall nx rdtscp lm constant_tsc arch_perfmon pebs bts rep_good nopl xtopology nonstop_tsc aperfmperf eagerfpu pni pclmulqdq dtes64 monitor ds_cpl vmx est tm2 ssse3 cx16 xtpr pdcm pcid sse4_1 sse4_2 x2apic popcnt tsc_deadline_timer xsave avx f16c lahf_lm ida arat epb pln pts dtherm tpr_shadow vnmi flexpriority ept vpid fsgsbase smep erms xsaveopt
bugs		:
bogomips	: 3591.74
clflush size	: 64
cache_alignment	: 64
address sizes	: 36 bits physical, 48 bits virtual
power management:

processor	: 2
vendor_id	: GenuineIntel
cpu family	: 6
model		: 58
model name	: Intel(R) Core(TM) i3-3217U CPU @ 1.80GHz
stepping	: 9
microcode	: 0x17
cpu MHz		: 1768.218
cache size	: 3072 KB
physical id	: 0
siblings	: 4
core id		: 1
cpu cores	: 2
apicid		: 2
initial apicid	: 2
fpu		: yes
fpu_exception	: yes
cpuid level	: 13
wp		: yes
flags		: fpu vme de pse tsc msr pae mce cx8 apic sep mtrr pge mca cmov pat pse36 clflush dts acpi mmx fxsr sse sse2 ss ht tm pbe syscall nx rdtscp lm constant_tsc arch_perfmon pebs bts rep_good nopl xtopology nonstop_tsc aperfmperf eagerfpu pni pclmulqdq dtes64 monitor ds_cpl vmx est tm2 ssse3 cx16 xtpr pdcm pcid sse4_1 sse4_2 x2apic popcnt tsc_deadline_timer xsave avx f16c lahf_lm ida arat epb pln pts dtherm tpr_shadow vnmi flexpriority ept vpid fsgsbase smep erms xsaveopt
bugs		:
bogomips	: 3591.74
clflush size	: 64
cache_alignment	: 64
address sizes	: 36 bits physical, 48 bits virtual
power management:

processor	: 3
vendor_id	: GenuineIntel
cpu family	: 6
model		: 58
model name	: Intel(R) Core(TM) i3-3217U CPU @ 1.80GHz
stepping	: 9
microcode	: 0x17
cpu MHz		: 1799.718
cache size	: 3072 KB
physical id	: 0
siblings	: 4
core id		: 1
cpu cores	: 2
apicid		: 3
initial apicid	: 3
fpu		: yes
fpu_exception	: yes
cpuid level	: 13
wp		: yes
flags		: fpu vme de pse tsc msr pae mce cx8 apic sep mtrr pge mca cmov pat pse36 clflush dts acpi mmx fxsr sse sse2 ss ht tm pbe syscall nx rdtscp lm constant_tsc arch_perfmon pebs bts rep_good nopl xtopology nonstop_tsc aperfmperf eagerfpu pni pclmulqdq dtes64 monitor ds_cpl vmx est tm2 ssse3 cx16 xtpr pdcm pcid sse4_1 sse4_2 x2apic popcnt tsc_deadline_timer xsave avx f16c lahf_lm ida arat epb pln pts dtherm tpr_shadow vnmi flexpriority ept vpid fsgsbase smep erms xsaveopt
bugs		:
bogomips	: 3591.74
clflush size	: 64
cache_alignment	: 64
address sizes	: 36 bits physical, 48 bits virtual
power management:



Memory: 4k page, physical 5996148k(3087660k free), swap 6161404k(6161404k free)

vm_info: Java HotSpot(TM) 64-Bit Server VM (25.91-b14) for linux-amd64 JRE (1.8.0_91-b14), built on Apr  1 2016 00:57:21 by "java_re" with gcc 4.3.0 20080428 (Red Hat 4.3.0-8)

time: Tue Jun  7 00:12:57 2016
elapsed time: 24 seconds (0d 0h 0m 24s)

